#! /usr/bin/vvp
:ivl_version "0.9.7 " "(v0_9_7)";
:vpi_time_precision + 0;
:vpi_module "system";
:vpi_module "v2005_math";
:vpi_module "va_math";
S_0x1cfcc50 .scope module, "testControl" "testControl" 2 16;
 .timescale 0 0;
v0x1d71450_0 .net "ALU_OperandSource", 0 0, v0x1cfd780_0; 1 drivers
v0x1d714d0_0 .net "command", 2 0, v0x1d6fe50_0; 1 drivers
v0x1d71550_0 .var "funct", 5 0;
v0x1d71600_0 .net "is_branch", 0 0, v0x1d6ff90_0; 1 drivers
v0x1d716e0_0 .net "is_jump", 0 0, v0x1d700e0_0; 1 drivers
v0x1d71790_0 .net "isjr", 0 0, v0x1d70040_0; 1 drivers
v0x1d71810_0 .net "linkToPC", 0 0, v0x1d701c0_0; 1 drivers
v0x1d718c0_0 .net "memoryRead", 0 0, v0x1d70260_0; 1 drivers
v0x1d71970_0 .net "memoryToRegister", 0 0, v0x1d70350_0; 1 drivers
v0x1d71a20_0 .net "memoryWrite", 0 0, v0x1d703f0_0; 1 drivers
v0x1d71ad0_0 .var "opcode", 5 0;
v0x1d71b80_0 .net "writeReg", 0 0, v0x1d70590_0; 1 drivers
S_0x1d706a0 .scope task, "checkResult" "checkResult" 2 40, 2 40, S_0x1cfcc50;
 .timescale 0 0;
v0x1d70790_0 .var "alu_choose", 0 0;
v0x1d70850_0 .var "b", 0 0;
v0x1d708f0_0 .var "command", 2 0;
v0x1d70990_0 .var "exp_alu_choose", 0 0;
v0x1d70a10_0 .var "exp_b", 0 0;
v0x1d70ab0_0 .var "exp_command", 2 0;
v0x1d70b50_0 .var "exp_j", 0 0;
v0x1d70bf0_0 .var "exp_l", 0 0;
v0x1d70c90_0 .var "exp_m2r", 0 0;
v0x1d70d30_0 .var "exp_mr", 0 0;
v0x1d70dd0_0 .var "exp_mw", 0 0;
v0x1d70e70_0 .var "exp_wr", 0 0;
v0x1d70f80_0 .var "j", 0 0;
v0x1d71020_0 .var "l", 0 0;
v0x1d71140_0 .var "m2r", 0 0;
v0x1d711e0_0 .var "mr", 0 0;
v0x1d710a0_0 .var "mw", 0 0;
v0x1d71330_0 .var "wr", 0 0;
TD_testControl.checkResult ;
    %load/v 8, v0x1d708f0_0, 3;
    %load/v 11, v0x1d70ab0_0, 3;
    %cmp/u 8, 11, 3;
    %mov 8, 4, 1;
    %load/v 9, v0x1d71330_0, 1;
    %load/v 10, v0x1d70e70_0, 1;
    %cmp/u 9, 10, 1;
    %mov 9, 4, 1;
    %and 8, 9, 1;
    %load/v 9, v0x1d71020_0, 1;
    %load/v 10, v0x1d70bf0_0, 1;
    %cmp/u 9, 10, 1;
    %mov 9, 4, 1;
    %and 8, 9, 1;
    %load/v 9, v0x1d70790_0, 1;
    %load/v 10, v0x1d70990_0, 1;
    %cmp/u 9, 10, 1;
    %mov 9, 4, 1;
    %and 8, 9, 1;
    %load/v 9, v0x1d711e0_0, 1;
    %load/v 10, v0x1d70d30_0, 1;
    %cmp/u 9, 10, 1;
    %mov 9, 4, 1;
    %and 8, 9, 1;
    %load/v 9, v0x1d710a0_0, 1;
    %load/v 10, v0x1d70dd0_0, 1;
    %cmp/u 9, 10, 1;
    %mov 9, 4, 1;
    %and 8, 9, 1;
    %load/v 9, v0x1d71140_0, 1;
    %load/v 10, v0x1d70c90_0, 1;
    %cmp/u 9, 10, 1;
    %mov 9, 4, 1;
    %and 8, 9, 1;
    %load/v 9, v0x1d71140_0, 1;
    %load/v 10, v0x1d70c90_0, 1;
    %cmp/u 9, 10, 1;
    %mov 9, 4, 1;
    %and 8, 9, 1;
    %load/v 9, v0x1d70f80_0, 1;
    %load/v 10, v0x1d70b50_0, 1;
    %cmp/u 9, 10, 1;
    %mov 9, 4, 1;
    %and 8, 9, 1;
    %load/v 9, v0x1d70850_0, 1;
    %load/v 10, v0x1d70a10_0, 1;
    %cmp/u 9, 10, 1;
    %mov 9, 4, 1;
    %and 8, 9, 1;
    %jmp/0xz  T_0.0, 8;
    %vpi_call 2 51 "$display", "Passed.";
    %jmp T_0.1;
T_0.0 ;
    %vpi_call 2 54 "$display", "Failed";
    %vpi_call 2 55 "$display", v0x1d71ad0_0, v0x1d71550_0;
    %vpi_call 2 56 "$display", "Command-current: %b expected: %b", v0x1d708f0_0, v0x1d70ab0_0;
    %vpi_call 2 57 "$display", "WriteReg-current: %b expected: %b", v0x1d71330_0, v0x1d70e70_0;
    %vpi_call 2 58 "$display", "ALU-current: %b expected: %b", v0x1d70790_0, v0x1d70990_0;
    %vpi_call 2 59 "$display", "MemoryRead-current: %b expected: %b", v0x1d711e0_0, v0x1d70d30_0;
    %vpi_call 2 60 "$display", "MemoryWrite-current: %b expected: %b", v0x1d710a0_0, v0x1d70dd0_0;
    %vpi_call 2 61 "$display", "MemToReg-current: %b expected: %b", v0x1d71140_0, v0x1d70c90_0;
    %vpi_call 2 62 "$display", "Jump-current: %b expected: %b", v0x1d70f80_0, v0x1d70b50_0;
    %vpi_call 2 63 "$display", "Branch-current: %b expected: %b", v0x1d70850_0, v0x1d70a10_0;
T_0.1 ;
    %end;
S_0x1cfd690 .scope module, "dut" "control" 2 27, 3 28, S_0x1cfcc50;
 .timescale 0 0;
v0x1cfd780_0 .var "ALUoperandSource", 0 0;
v0x1d6fe50_0 .var "command", 2 0;
v0x1d6fef0_0 .net "funct", 5 0, v0x1d71550_0; 1 drivers
v0x1d6ff90_0 .var "isbranch", 0 0;
v0x1d70040_0 .var "isjr", 0 0;
v0x1d700e0_0 .var "isjump", 0 0;
v0x1d701c0_0 .var "linkToPC", 0 0;
v0x1d70260_0 .var "memoryRead", 0 0;
v0x1d70350_0 .var "memoryToRegister", 0 0;
v0x1d703f0_0 .var "memoryWrite", 0 0;
v0x1d704f0_0 .net "opcode", 5 0, v0x1d71ad0_0; 1 drivers
v0x1d70590_0 .var "writeReg", 0 0;
E_0x1d2b210 .event edge, v0x1d6fef0_0, v0x1d704f0_0;
    .scope S_0x1cfd690;
T_1 ;
    %wait E_0x1d2b210;
    %load/v 8, v0x1d704f0_0, 6;
    %cmpi/u 8, 0, 6;
    %jmp/1 T_1.0, 6;
    %cmpi/u 8, 35, 6;
    %jmp/1 T_1.1, 6;
    %cmpi/u 8, 43, 6;
    %jmp/1 T_1.2, 6;
    %cmpi/u 8, 2, 6;
    %jmp/1 T_1.3, 6;
    %cmpi/u 8, 3, 6;
    %jmp/1 T_1.4, 6;
    %cmpi/u 8, 5, 6;
    %jmp/1 T_1.5, 6;
    %cmpi/u 8, 14, 6;
    %jmp/1 T_1.6, 6;
    %cmpi/u 8, 8, 6;
    %jmp/1 T_1.7, 6;
    %jmp T_1.8;
T_1.0 ;
    %set/v v0x1d701c0_0, 0, 1;
    %set/v v0x1cfd780_0, 0, 1;
    %set/v v0x1d70260_0, 0, 1;
    %set/v v0x1d703f0_0, 0, 1;
    %set/v v0x1d70350_0, 0, 1;
    %set/v v0x1d6ff90_0, 0, 1;
    %set/v v0x1d70040_0, 0, 1;
    %load/v 8, v0x1d6fef0_0, 6;
    %cmpi/u 8, 8, 6;
    %jmp/1 T_1.9, 6;
    %cmpi/u 8, 36, 6;
    %jmp/1 T_1.10, 6;
    %cmpi/u 8, 34, 6;
    %jmp/1 T_1.11, 6;
    %cmpi/u 8, 42, 6;
    %jmp/1 T_1.12, 6;
    %jmp T_1.13;
T_1.9 ;
    %set/v v0x1d70590_0, 0, 1;
    %set/v v0x1d6fe50_0, 0, 3;
    %set/v v0x1d700e0_0, 1, 1;
    %set/v v0x1d70040_0, 1, 1;
    %jmp T_1.13;
T_1.10 ;
    %set/v v0x1d70590_0, 1, 1;
    %set/v v0x1d6fe50_0, 0, 3;
    %set/v v0x1d700e0_0, 0, 1;
    %jmp T_1.13;
T_1.11 ;
    %set/v v0x1d70590_0, 1, 1;
    %movi 8, 1, 3;
    %set/v v0x1d6fe50_0, 8, 3;
    %set/v v0x1d700e0_0, 0, 1;
    %jmp T_1.13;
T_1.12 ;
    %set/v v0x1d70590_0, 1, 1;
    %movi 8, 2, 3;
    %set/v v0x1d6fe50_0, 8, 3;
    %set/v v0x1d700e0_0, 0, 1;
    %jmp T_1.13;
T_1.13 ;
    %jmp T_1.8;
T_1.1 ;
    %set/v v0x1d70590_0, 1, 1;
    %set/v v0x1d701c0_0, 0, 1;
    %set/v v0x1cfd780_0, 0, 1;
    %set/v v0x1d70260_0, 1, 1;
    %set/v v0x1d703f0_0, 0, 1;
    %set/v v0x1d70350_0, 1, 1;
    %set/v v0x1d6fe50_0, 0, 3;
    %set/v v0x1d700e0_0, 0, 1;
    %set/v v0x1d70040_0, 0, 1;
    %set/v v0x1d6ff90_0, 0, 1;
    %jmp T_1.8;
T_1.2 ;
    %set/v v0x1d70590_0, 0, 1;
    %set/v v0x1d701c0_0, 0, 1;
    %set/v v0x1cfd780_0, 1, 1;
    %set/v v0x1d70260_0, 0, 1;
    %set/v v0x1d703f0_0, 1, 1;
    %set/v v0x1d70350_0, 0, 1;
    %set/v v0x1d6fe50_0, 0, 3;
    %set/v v0x1d700e0_0, 0, 1;
    %set/v v0x1d70040_0, 0, 1;
    %set/v v0x1d6ff90_0, 0, 1;
    %jmp T_1.8;
T_1.3 ;
    %set/v v0x1d70590_0, 0, 1;
    %set/v v0x1d701c0_0, 0, 1;
    %set/v v0x1cfd780_0, 0, 1;
    %set/v v0x1d70260_0, 0, 1;
    %set/v v0x1d703f0_0, 0, 1;
    %set/v v0x1d70350_0, 0, 1;
    %set/v v0x1d6fe50_0, 0, 3;
    %set/v v0x1d700e0_0, 1, 1;
    %set/v v0x1d70040_0, 0, 1;
    %set/v v0x1d6ff90_0, 0, 1;
    %jmp T_1.8;
T_1.4 ;
    %set/v v0x1d70590_0, 1, 1;
    %set/v v0x1d701c0_0, 1, 1;
    %set/v v0x1cfd780_0, 0, 1;
    %set/v v0x1d70260_0, 0, 1;
    %set/v v0x1d703f0_0, 0, 1;
    %set/v v0x1d70350_0, 0, 1;
    %set/v v0x1d6fe50_0, 0, 3;
    %set/v v0x1d700e0_0, 1, 1;
    %set/v v0x1d70040_0, 0, 1;
    %set/v v0x1d6ff90_0, 0, 1;
    %jmp T_1.8;
T_1.5 ;
    %set/v v0x1d70590_0, 0, 1;
    %set/v v0x1d701c0_0, 0, 1;
    %set/v v0x1cfd780_0, 0, 1;
    %set/v v0x1d70260_0, 0, 1;
    %set/v v0x1d703f0_0, 0, 1;
    %set/v v0x1d70350_0, 0, 1;
    %movi 8, 1, 3;
    %set/v v0x1d6fe50_0, 8, 3;
    %set/v v0x1d700e0_0, 0, 1;
    %set/v v0x1d70040_0, 0, 1;
    %set/v v0x1d6ff90_0, 1, 1;
    %jmp T_1.8;
T_1.6 ;
    %set/v v0x1d70590_0, 1, 1;
    %set/v v0x1d701c0_0, 0, 1;
    %set/v v0x1cfd780_0, 1, 1;
    %set/v v0x1d70260_0, 1, 1;
    %set/v v0x1d703f0_0, 0, 1;
    %set/v v0x1d70350_0, 0, 1;
    %movi 8, 3, 3;
    %set/v v0x1d6fe50_0, 8, 3;
    %set/v v0x1d700e0_0, 0, 1;
    %set/v v0x1d70040_0, 0, 1;
    %set/v v0x1d6ff90_0, 0, 1;
    %jmp T_1.8;
T_1.7 ;
    %set/v v0x1d70590_0, 1, 1;
    %set/v v0x1d701c0_0, 0, 1;
    %set/v v0x1cfd780_0, 1, 1;
    %set/v v0x1d70260_0, 0, 1;
    %set/v v0x1d703f0_0, 0, 1;
    %set/v v0x1d70350_0, 0, 1;
    %set/v v0x1d6fe50_0, 0, 3;
    %set/v v0x1d700e0_0, 0, 1;
    %set/v v0x1d70040_0, 0, 1;
    %set/v v0x1d6ff90_0, 0, 1;
    %jmp T_1.8;
T_1.8 ;
    %jmp T_1;
    .thread T_1, $push;
    .scope S_0x1cfcc50;
T_2 ;
    %set/v v0x1d71550_0, 0, 6;
    %end;
    .thread T_2;
    .scope S_0x1cfcc50;
T_3 ;
    %movi 8, 35, 6;
    %set/v v0x1d71ad0_0, 8, 6;
    %delay 10, 0;
    %set/v v0x1d70ab0_0, 0, 3;
    %set/v v0x1d70e70_0, 1, 1;
    %set/v v0x1d70bf0_0, 0, 1;
    %set/v v0x1d70990_0, 0, 1;
    %set/v v0x1d70d30_0, 1, 1;
    %set/v v0x1d70dd0_0, 0, 1;
    %set/v v0x1d70c90_0, 1, 1;
    %set/v v0x1d70b50_0, 0, 1;
    %set/v v0x1d70a10_0, 0, 1;
    %load/v 8, v0x1d714d0_0, 3;
    %set/v v0x1d708f0_0, 8, 3;
    %load/v 8, v0x1d71b80_0, 1;
    %set/v v0x1d71330_0, 8, 1;
    %load/v 8, v0x1d71810_0, 1;
    %set/v v0x1d71020_0, 8, 1;
    %load/v 8, v0x1d71450_0, 1;
    %set/v v0x1d70790_0, 8, 1;
    %load/v 8, v0x1d718c0_0, 1;
    %set/v v0x1d711e0_0, 8, 1;
    %load/v 8, v0x1d71a20_0, 1;
    %set/v v0x1d710a0_0, 8, 1;
    %load/v 8, v0x1d71970_0, 1;
    %set/v v0x1d71140_0, 8, 1;
    %load/v 8, v0x1d716e0_0, 1;
    %set/v v0x1d70f80_0, 8, 1;
    %load/v 8, v0x1d71600_0, 1;
    %set/v v0x1d70850_0, 8, 1;
    %fork TD_testControl.checkResult, S_0x1d706a0;
    %join;
    %movi 8, 43, 6;
    %set/v v0x1d71ad0_0, 8, 6;
    %delay 10, 0;
    %set/v v0x1d70ab0_0, 0, 3;
    %set/v v0x1d70e70_0, 0, 1;
    %set/v v0x1d70bf0_0, 0, 1;
    %set/v v0x1d70990_0, 0, 1;
    %set/v v0x1d70d30_0, 0, 1;
    %set/v v0x1d70dd0_0, 1, 1;
    %set/v v0x1d70c90_0, 0, 1;
    %set/v v0x1d70b50_0, 0, 1;
    %set/v v0x1d70a10_0, 0, 1;
    %load/v 8, v0x1d714d0_0, 3;
    %set/v v0x1d708f0_0, 8, 3;
    %load/v 8, v0x1d71b80_0, 1;
    %set/v v0x1d71330_0, 8, 1;
    %load/v 8, v0x1d71810_0, 1;
    %set/v v0x1d71020_0, 8, 1;
    %load/v 8, v0x1d71450_0, 1;
    %set/v v0x1d70790_0, 8, 1;
    %load/v 8, v0x1d718c0_0, 1;
    %set/v v0x1d711e0_0, 8, 1;
    %load/v 8, v0x1d71a20_0, 1;
    %set/v v0x1d710a0_0, 8, 1;
    %load/v 8, v0x1d71970_0, 1;
    %set/v v0x1d71140_0, 8, 1;
    %load/v 8, v0x1d716e0_0, 1;
    %set/v v0x1d70f80_0, 8, 1;
    %load/v 8, v0x1d71600_0, 1;
    %set/v v0x1d70850_0, 8, 1;
    %fork TD_testControl.checkResult, S_0x1d706a0;
    %join;
    %movi 8, 2, 6;
    %set/v v0x1d71ad0_0, 8, 6;
    %delay 10, 0;
    %set/v v0x1d70ab0_0, 0, 3;
    %set/v v0x1d70e70_0, 0, 1;
    %set/v v0x1d70bf0_0, 0, 1;
    %set/v v0x1d70990_0, 0, 1;
    %set/v v0x1d70d30_0, 0, 1;
    %set/v v0x1d70dd0_0, 0, 1;
    %set/v v0x1d70c90_0, 0, 1;
    %set/v v0x1d70b50_0, 1, 1;
    %set/v v0x1d70a10_0, 0, 1;
    %load/v 8, v0x1d714d0_0, 3;
    %set/v v0x1d708f0_0, 8, 3;
    %load/v 8, v0x1d71b80_0, 1;
    %set/v v0x1d71330_0, 8, 1;
    %load/v 8, v0x1d71810_0, 1;
    %set/v v0x1d71020_0, 8, 1;
    %load/v 8, v0x1d71450_0, 1;
    %set/v v0x1d70790_0, 8, 1;
    %load/v 8, v0x1d718c0_0, 1;
    %set/v v0x1d711e0_0, 8, 1;
    %load/v 8, v0x1d71a20_0, 1;
    %set/v v0x1d710a0_0, 8, 1;
    %load/v 8, v0x1d71970_0, 1;
    %set/v v0x1d71140_0, 8, 1;
    %load/v 8, v0x1d716e0_0, 1;
    %set/v v0x1d70f80_0, 8, 1;
    %load/v 8, v0x1d71600_0, 1;
    %set/v v0x1d70850_0, 8, 1;
    %fork TD_testControl.checkResult, S_0x1d706a0;
    %join;
    %movi 8, 3, 6;
    %set/v v0x1d71ad0_0, 8, 6;
    %delay 10, 0;
    %set/v v0x1d70ab0_0, 0, 3;
    %set/v v0x1d70e70_0, 1, 1;
    %set/v v0x1d70bf0_0, 1, 1;
    %set/v v0x1d70990_0, 0, 1;
    %set/v v0x1d70d30_0, 0, 1;
    %set/v v0x1d70dd0_0, 0, 1;
    %set/v v0x1d70c90_0, 0, 1;
    %set/v v0x1d70b50_0, 1, 1;
    %set/v v0x1d70a10_0, 0, 1;
    %load/v 8, v0x1d714d0_0, 3;
    %set/v v0x1d708f0_0, 8, 3;
    %load/v 8, v0x1d71b80_0, 1;
    %set/v v0x1d71330_0, 8, 1;
    %load/v 8, v0x1d71810_0, 1;
    %set/v v0x1d71020_0, 8, 1;
    %load/v 8, v0x1d71450_0, 1;
    %set/v v0x1d70790_0, 8, 1;
    %load/v 8, v0x1d718c0_0, 1;
    %set/v v0x1d711e0_0, 8, 1;
    %load/v 8, v0x1d71a20_0, 1;
    %set/v v0x1d710a0_0, 8, 1;
    %load/v 8, v0x1d71970_0, 1;
    %set/v v0x1d71140_0, 8, 1;
    %load/v 8, v0x1d716e0_0, 1;
    %set/v v0x1d70f80_0, 8, 1;
    %load/v 8, v0x1d71600_0, 1;
    %set/v v0x1d70850_0, 8, 1;
    %fork TD_testControl.checkResult, S_0x1d706a0;
    %join;
    %movi 8, 5, 6;
    %set/v v0x1d71ad0_0, 8, 6;
    %delay 10, 0;
    %movi 8, 1, 3;
    %set/v v0x1d70ab0_0, 8, 3;
    %set/v v0x1d70e70_0, 0, 1;
    %set/v v0x1d70bf0_0, 0, 1;
    %set/v v0x1d70990_0, 0, 1;
    %set/v v0x1d70d30_0, 0, 1;
    %set/v v0x1d70dd0_0, 0, 1;
    %set/v v0x1d70c90_0, 0, 1;
    %set/v v0x1d70b50_0, 0, 1;
    %set/v v0x1d70a10_0, 1, 1;
    %load/v 8, v0x1d714d0_0, 3;
    %set/v v0x1d708f0_0, 8, 3;
    %load/v 8, v0x1d71b80_0, 1;
    %set/v v0x1d71330_0, 8, 1;
    %load/v 8, v0x1d71810_0, 1;
    %set/v v0x1d71020_0, 8, 1;
    %load/v 8, v0x1d71450_0, 1;
    %set/v v0x1d70790_0, 8, 1;
    %load/v 8, v0x1d718c0_0, 1;
    %set/v v0x1d711e0_0, 8, 1;
    %load/v 8, v0x1d71a20_0, 1;
    %set/v v0x1d710a0_0, 8, 1;
    %load/v 8, v0x1d71970_0, 1;
    %set/v v0x1d71140_0, 8, 1;
    %load/v 8, v0x1d716e0_0, 1;
    %set/v v0x1d70f80_0, 8, 1;
    %load/v 8, v0x1d71600_0, 1;
    %set/v v0x1d70850_0, 8, 1;
    %fork TD_testControl.checkResult, S_0x1d706a0;
    %join;
    %movi 8, 14, 6;
    %set/v v0x1d71ad0_0, 8, 6;
    %delay 10, 0;
    %movi 8, 3, 3;
    %set/v v0x1d70ab0_0, 8, 3;
    %set/v v0x1d70e70_0, 1, 1;
    %set/v v0x1d70bf0_0, 0, 1;
    %set/v v0x1d70990_0, 1, 1;
    %set/v v0x1d70d30_0, 1, 1;
    %set/v v0x1d70dd0_0, 0, 1;
    %set/v v0x1d70c90_0, 0, 1;
    %set/v v0x1d70b50_0, 0, 1;
    %set/v v0x1d70a10_0, 0, 1;
    %load/v 8, v0x1d714d0_0, 3;
    %set/v v0x1d708f0_0, 8, 3;
    %load/v 8, v0x1d71b80_0, 1;
    %set/v v0x1d71330_0, 8, 1;
    %load/v 8, v0x1d71810_0, 1;
    %set/v v0x1d71020_0, 8, 1;
    %load/v 8, v0x1d71450_0, 1;
    %set/v v0x1d70790_0, 8, 1;
    %load/v 8, v0x1d718c0_0, 1;
    %set/v v0x1d711e0_0, 8, 1;
    %load/v 8, v0x1d71a20_0, 1;
    %set/v v0x1d710a0_0, 8, 1;
    %load/v 8, v0x1d71970_0, 1;
    %set/v v0x1d71140_0, 8, 1;
    %load/v 8, v0x1d716e0_0, 1;
    %set/v v0x1d70f80_0, 8, 1;
    %load/v 8, v0x1d71600_0, 1;
    %set/v v0x1d70850_0, 8, 1;
    %fork TD_testControl.checkResult, S_0x1d706a0;
    %join;
    %movi 8, 8, 6;
    %set/v v0x1d71ad0_0, 8, 6;
    %delay 10, 0;
    %set/v v0x1d70ab0_0, 0, 3;
    %set/v v0x1d70e70_0, 1, 1;
    %set/v v0x1d70bf0_0, 0, 1;
    %set/v v0x1d70990_0, 1, 1;
    %set/v v0x1d70d30_0, 0, 1;
    %set/v v0x1d70dd0_0, 0, 1;
    %set/v v0x1d70c90_0, 0, 1;
    %set/v v0x1d70b50_0, 0, 1;
    %set/v v0x1d70a10_0, 0, 1;
    %load/v 8, v0x1d714d0_0, 3;
    %set/v v0x1d708f0_0, 8, 3;
    %load/v 8, v0x1d71b80_0, 1;
    %set/v v0x1d71330_0, 8, 1;
    %load/v 8, v0x1d71810_0, 1;
    %set/v v0x1d71020_0, 8, 1;
    %load/v 8, v0x1d71450_0, 1;
    %set/v v0x1d70790_0, 8, 1;
    %load/v 8, v0x1d718c0_0, 1;
    %set/v v0x1d711e0_0, 8, 1;
    %load/v 8, v0x1d71a20_0, 1;
    %set/v v0x1d710a0_0, 8, 1;
    %load/v 8, v0x1d71970_0, 1;
    %set/v v0x1d71140_0, 8, 1;
    %load/v 8, v0x1d716e0_0, 1;
    %set/v v0x1d70f80_0, 8, 1;
    %load/v 8, v0x1d71600_0, 1;
    %set/v v0x1d70850_0, 8, 1;
    %fork TD_testControl.checkResult, S_0x1d706a0;
    %join;
    %set/v v0x1d71ad0_0, 0, 6;
    %movi 8, 8, 6;
    %set/v v0x1d71550_0, 8, 6;
    %delay 10, 0;
    %set/v v0x1d70ab0_0, 0, 3;
    %set/v v0x1d70e70_0, 0, 1;
    %set/v v0x1d70bf0_0, 0, 1;
    %set/v v0x1d70990_0, 0, 1;
    %set/v v0x1d70d30_0, 0, 1;
    %set/v v0x1d70dd0_0, 0, 1;
    %set/v v0x1d70c90_0, 0, 1;
    %set/v v0x1d70b50_0, 1, 1;
    %set/v v0x1d70a10_0, 0, 1;
    %load/v 8, v0x1d714d0_0, 3;
    %set/v v0x1d708f0_0, 8, 3;
    %load/v 8, v0x1d71b80_0, 1;
    %set/v v0x1d71330_0, 8, 1;
    %load/v 8, v0x1d71810_0, 1;
    %set/v v0x1d71020_0, 8, 1;
    %load/v 8, v0x1d71450_0, 1;
    %set/v v0x1d70790_0, 8, 1;
    %load/v 8, v0x1d718c0_0, 1;
    %set/v v0x1d711e0_0, 8, 1;
    %load/v 8, v0x1d71a20_0, 1;
    %set/v v0x1d710a0_0, 8, 1;
    %load/v 8, v0x1d71970_0, 1;
    %set/v v0x1d71140_0, 8, 1;
    %load/v 8, v0x1d716e0_0, 1;
    %set/v v0x1d70f80_0, 8, 1;
    %load/v 8, v0x1d71600_0, 1;
    %set/v v0x1d70850_0, 8, 1;
    %fork TD_testControl.checkResult, S_0x1d706a0;
    %join;
    %movi 8, 36, 6;
    %set/v v0x1d71550_0, 8, 6;
    %delay 10, 0;
    %set/v v0x1d70ab0_0, 0, 3;
    %set/v v0x1d70e70_0, 1, 1;
    %set/v v0x1d70bf0_0, 0, 1;
    %set/v v0x1d70990_0, 0, 1;
    %set/v v0x1d70d30_0, 0, 1;
    %set/v v0x1d70dd0_0, 0, 1;
    %set/v v0x1d70c90_0, 0, 1;
    %set/v v0x1d70b50_0, 0, 1;
    %set/v v0x1d70a10_0, 0, 1;
    %load/v 8, v0x1d714d0_0, 3;
    %set/v v0x1d708f0_0, 8, 3;
    %load/v 8, v0x1d71b80_0, 1;
    %set/v v0x1d71330_0, 8, 1;
    %load/v 8, v0x1d71810_0, 1;
    %set/v v0x1d71020_0, 8, 1;
    %load/v 8, v0x1d71450_0, 1;
    %set/v v0x1d70790_0, 8, 1;
    %load/v 8, v0x1d718c0_0, 1;
    %set/v v0x1d711e0_0, 8, 1;
    %load/v 8, v0x1d71a20_0, 1;
    %set/v v0x1d710a0_0, 8, 1;
    %load/v 8, v0x1d71970_0, 1;
    %set/v v0x1d71140_0, 8, 1;
    %load/v 8, v0x1d716e0_0, 1;
    %set/v v0x1d70f80_0, 8, 1;
    %load/v 8, v0x1d71600_0, 1;
    %set/v v0x1d70850_0, 8, 1;
    %fork TD_testControl.checkResult, S_0x1d706a0;
    %join;
    %movi 8, 34, 6;
    %set/v v0x1d71550_0, 8, 6;
    %delay 10, 0;
    %movi 8, 1, 3;
    %set/v v0x1d70ab0_0, 8, 3;
    %set/v v0x1d70e70_0, 1, 1;
    %set/v v0x1d70bf0_0, 0, 1;
    %set/v v0x1d70990_0, 0, 1;
    %set/v v0x1d70d30_0, 0, 1;
    %set/v v0x1d70dd0_0, 0, 1;
    %set/v v0x1d70c90_0, 0, 1;
    %set/v v0x1d70b50_0, 0, 1;
    %set/v v0x1d70a10_0, 0, 1;
    %load/v 8, v0x1d714d0_0, 3;
    %set/v v0x1d708f0_0, 8, 3;
    %load/v 8, v0x1d71b80_0, 1;
    %set/v v0x1d71330_0, 8, 1;
    %load/v 8, v0x1d71810_0, 1;
    %set/v v0x1d71020_0, 8, 1;
    %load/v 8, v0x1d71450_0, 1;
    %set/v v0x1d70790_0, 8, 1;
    %load/v 8, v0x1d718c0_0, 1;
    %set/v v0x1d711e0_0, 8, 1;
    %load/v 8, v0x1d71a20_0, 1;
    %set/v v0x1d710a0_0, 8, 1;
    %load/v 8, v0x1d71970_0, 1;
    %set/v v0x1d71140_0, 8, 1;
    %load/v 8, v0x1d716e0_0, 1;
    %set/v v0x1d70f80_0, 8, 1;
    %load/v 8, v0x1d71600_0, 1;
    %set/v v0x1d70850_0, 8, 1;
    %fork TD_testControl.checkResult, S_0x1d706a0;
    %join;
    %movi 8, 42, 6;
    %set/v v0x1d71550_0, 8, 6;
    %delay 10, 0;
    %movi 8, 2, 3;
    %set/v v0x1d70ab0_0, 8, 3;
    %set/v v0x1d70e70_0, 1, 1;
    %set/v v0x1d70bf0_0, 0, 1;
    %set/v v0x1d70990_0, 0, 1;
    %set/v v0x1d70d30_0, 0, 1;
    %set/v v0x1d70dd0_0, 0, 1;
    %set/v v0x1d70c90_0, 0, 1;
    %set/v v0x1d70b50_0, 0, 1;
    %set/v v0x1d70a10_0, 0, 1;
    %load/v 8, v0x1d714d0_0, 3;
    %set/v v0x1d708f0_0, 8, 3;
    %load/v 8, v0x1d71b80_0, 1;
    %set/v v0x1d71330_0, 8, 1;
    %load/v 8, v0x1d71810_0, 1;
    %set/v v0x1d71020_0, 8, 1;
    %load/v 8, v0x1d71450_0, 1;
    %set/v v0x1d70790_0, 8, 1;
    %load/v 8, v0x1d718c0_0, 1;
    %set/v v0x1d711e0_0, 8, 1;
    %load/v 8, v0x1d71a20_0, 1;
    %set/v v0x1d710a0_0, 8, 1;
    %load/v 8, v0x1d71970_0, 1;
    %set/v v0x1d71140_0, 8, 1;
    %load/v 8, v0x1d716e0_0, 1;
    %set/v v0x1d70f80_0, 8, 1;
    %load/v 8, v0x1d71600_0, 1;
    %set/v v0x1d70850_0, 8, 1;
    %fork TD_testControl.checkResult, S_0x1d706a0;
    %join;
    %end;
    .thread T_3;
# The file index is used to find the file name in the following table.
:file_names 4;
    "N/A";
    "<interactive>";
    "control.t.v";
    "./control.v";
