#! /usr/bin/vvp
:ivl_version "0.9.7 " "(v0_9_7)";
:vpi_time_precision + 0;
:vpi_module "system";
:vpi_module "v2005_math";
:vpi_module "va_math";
S_0x19f71a0 .scope module, "addressmux" "addressmux" 2 35;
 .timescale 0 0;
v0x1a0f1b0_0 .net "addr0", 4 0, C4<zzzzz>; 0 drivers
v0x1a2b770_0 .net "addr1", 4 0, C4<zzzzz>; 0 drivers
v0x1a2b810_0 .net "mux_address", 0 0, C4<z>; 0 drivers
v0x1a2b8b0_0 .var "out", 0 0;
E_0x19ffba0 .event edge, v0x1a2b810_0, v0x1a2b770_0, v0x1a0f1b0_0;
S_0x1a01dd0 .scope module, "control" "control" 3 28;
 .timescale 0 0;
v0x1a2b9d0_0 .var "ALUoperandSource", 0 0;
v0x1a2ba90_0 .var "command", 2 0;
v0x1a2bb30_0 .net "funct", 5 0, C4<zzzzzz>; 0 drivers
v0x1a2bbd0_0 .var "isbranch", 0 0;
v0x1a2bc80_0 .var "isjr", 0 0;
v0x1a2bd20_0 .var "isjump", 0 0;
v0x1a2be00_0 .var "linkToPC", 0 0;
v0x1a2bea0_0 .var "memoryRead", 0 0;
v0x1a2bf90_0 .var "memoryToRegister", 0 0;
v0x1a2c030_0 .var "memoryWrite", 0 0;
v0x1a2c130_0 .net "opcode", 5 0, C4<zzzzzz>; 0 drivers
v0x1a2c1d0_0 .var "writeReg", 0 0;
E_0x1a2b960 .event edge, v0x1a2bb30_0, v0x1a2c130_0;
S_0x1a015e0 .scope module, "dff" "dff" 4 9;
 .timescale 0 0;
P_0x19ba8e8 .param/l "width" 4 10, +C4<01000>;
v0x1a2c320_0 .net "ce", 0 0, C4<z>; 0 drivers
v0x1a2c3e0_0 .net "clk", 0 0, C4<z>; 0 drivers
v0x1a2c480_0 .net "dataIn", 7 0, C4<zzzzzzzz>; 0 drivers
v0x1a2c520_0 .net "dataOut", 7 0, v0x1a2c5d0_0; 1 drivers
v0x1a2c5d0_0 .var "mem", 7 0;
E_0x1a2bc50 .event posedge, v0x1a2c3e0_0;
S_0x1a0f420 .scope module, "ifetch" "ifetch" 5 6;
 .timescale 0 0;
v0x1a2de80_0 .net "_", 0 0, L_0x1a3cf00; 1 drivers
v0x1a2df20_0 .net *"_s10", 1 0, C4<00>; 1 drivers
v0x1a2dfa0_0 .net *"_s15", 3 0, L_0x1a3d050; 1 drivers
v0x1a2e040_0 .net *"_s16", 1 0, C4<00>; 1 drivers
v0x1a2e0f0_0 .net *"_s7", 0 0, L_0x1a3c550; 1 drivers
v0x1a2e190_0 .net *"_s8", 13 0, L_0x1a3c650; 1 drivers
v0x1a2e230_0 .net "branch_addr", 15 0, C4<zzzzzzzzzzzzzzzz>; 0 drivers
v0x1a2e2d0_0 .var "branch_addr_full", 31 0;
v0x1a2e370_0 .net "clk", 0 0, C4<z>; 0 drivers
v0x1a2e3f0_0 .net "increased_pc", 31 0, v0x1a2cfa0_0; 1 drivers
v0x1a2e4d0_0 .net "is_branch", 0 0, C4<z>; 0 drivers
v0x1a2e550_0 .net "is_jump", 0 0, C4<z>; 0 drivers
v0x1a2e670_0 .net "jump_addr", 25 0, C4<zzzzzzzzzzzzzzzzzzzzzzzzzz>; 0 drivers
v0x1a2e6f0_0 .net "out", 31 0, L_0x1a3bf40; 1 drivers
v0x1a2e820_0 .var "pc", 31 0;
v0x1a2e8f0_0 .net "pc_next", 31 0, v0x1a2ca40_0; 1 drivers
v0x1a2e770_0 .net "to_add", 31 0, v0x1a2d5e0_0; 1 drivers
v0x1a2ea50_0 .net "write_pc", 0 0, C4<z>; 0 drivers
E_0x1a2c670 .event posedge, v0x1a2dc60_0;
L_0x1a3c550 .part C4<zzzzzzzzzzzzzzzz>, 15, 1;
LS_0x1a3c650_0_0 .concat [ 1 1 1 1], L_0x1a3c550, L_0x1a3c550, L_0x1a3c550, L_0x1a3c550;
LS_0x1a3c650_0_4 .concat [ 1 1 1 1], L_0x1a3c550, L_0x1a3c550, L_0x1a3c550, L_0x1a3c550;
LS_0x1a3c650_0_8 .concat [ 1 1 1 1], L_0x1a3c550, L_0x1a3c550, L_0x1a3c550, L_0x1a3c550;
LS_0x1a3c650_0_12 .concat [ 1 1 0 0], L_0x1a3c550, L_0x1a3c550;
L_0x1a3c650 .concat [ 4 4 4 2], LS_0x1a3c650_0_0, LS_0x1a3c650_0_4, LS_0x1a3c650_0_8, LS_0x1a3c650_0_12;
L_0x1a3c990 .concat [ 2 16 14 0], C4<00>, C4<zzzzzzzzzzzzzzzz>, L_0x1a3c650;
L_0x1a3d050 .part v0x1a2e820_0, 28, 4;
L_0x1a3d170 .concat [ 2 26 4 0], C4<00>, C4<zzzzzzzzzzzzzzzzzzzzzzzzzz>, L_0x1a3d050;
S_0x1a2d6c0 .scope module, "program_mem" "memory" 5 22, 6 42, S_0x1a0f420;
 .timescale 0 0;
L_0x1a3bf40 .functor BUFZ 32, L_0x1a3c220, C4<00000000000000000000000000000000>, C4<00000000000000000000000000000000>, C4<00000000000000000000000000000000>;
v0x1a2d7e0_0 .net "Addr", 31 0, v0x1a2e820_0; 1 drivers
v0x1a2d8b0_0 .net "DataIn", 31 0, C4<00000000000000000000000000000000>; 1 drivers
v0x1a2d930_0 .alias "DataOut", 31 0, v0x1a2e6f0_0;
v0x1a2d9d0_0 .net *"_s0", 31 0, L_0x1a3c220; 1 drivers
v0x1a2da80_0 .net *"_s2", 1 0, C4<00>; 1 drivers
v0x1a2db20_0 .net *"_s5", 29 0, L_0x1a3c2c0; 1 drivers
v0x1a2dbc0_0 .net *"_s6", 31 0, L_0x1a3c360; 1 drivers
v0x1a2dc60_0 .alias "clk", 0 0, v0x1a2e370_0;
v0x1a2dd00 .array "mem", 0 4095, 31 0;
v0x1a2dd80_0 .net "regWE", 0 0, C4<0>; 1 drivers
E_0x1a2d7b0 .event edge, v0x1a2ce50_0;
L_0x1a3c220 .array/port v0x1a2dd00, L_0x1a3c360;
L_0x1a3c2c0 .part v0x1a2e820_0, 2, 30;
L_0x1a3c360 .concat [ 30 2 0 0], L_0x1a3c2c0, C4<00>;
S_0x1a2d280 .scope module, "should_branch" "mux2to1by32" 5 28, 2 18, S_0x1a0f420;
 .timescale 0 0;
v0x1a2d3e0_0 .alias "address", 0 0, v0x1a2e4d0_0;
v0x1a2d4a0_0 .net "input0", 31 0, C4<00000000000000000000000000000100>; 1 drivers
v0x1a2d540_0 .net "input1", 31 0, L_0x1a3c990; 1 drivers
v0x1a2d5e0_0 .var "out", 31 0;
E_0x1a2d370 .event edge, v0x1a2d3e0_0, v0x1a2d540_0, v0x1a2d4a0_0;
S_0x1a2caf0 .scope module, "add_to_pc" "add32bit" 5 33, 7 3, S_0x1a0f420;
 .timescale 0 0;
L_0x1a3cb00 .functor XNOR 1, L_0x1a3cb60, L_0x1a3cce0, C4<0>, C4<0>;
L_0x1a3cd80 .functor XOR 1, v0x1a2d020_0, L_0x1a3ce10, C4<0>, C4<0>;
L_0x1a3cf00 .functor AND 1, L_0x1a3cd80, L_0x1a3cb00, C4<1>, C4<1>;
v0x1a2cc50_0 .net *"_s1", 0 0, L_0x1a3cb60; 1 drivers
v0x1a2cd10_0 .net *"_s3", 0 0, L_0x1a3cce0; 1 drivers
v0x1a2cdb0_0 .net *"_s5", 0 0, L_0x1a3ce10; 1 drivers
v0x1a2ce50_0 .alias "a", 31 0, v0x1a2d7e0_0;
v0x1a2cf00_0 .alias "b", 31 0, v0x1a2e770_0;
v0x1a2cfa0_0 .var "c", 31 0;
v0x1a2d020_0 .var "carry", 0 0;
v0x1a2d0a0_0 .net "carryXorSign", 0 0, L_0x1a3cd80; 1 drivers
v0x1a2d140_0 .alias "overflow", 0 0, v0x1a2de80_0;
v0x1a2d1e0_0 .net "sameSign", 0 0, L_0x1a3cb00; 1 drivers
E_0x1a2cbe0 .event edge, v0x1a2cf00_0, v0x1a2ce50_0;
L_0x1a3cb60 .part v0x1a2e820_0, 31, 1;
L_0x1a3cce0 .part v0x1a2d5e0_0, 31, 1;
L_0x1a3ce10 .part v0x1a2cfa0_0, 31, 1;
S_0x1a2c6e0 .scope module, "should_jump" "mux2to1by32" 5 38, 2 18, S_0x1a0f420;
 .timescale 0 0;
v0x1a2c840_0 .alias "address", 0 0, v0x1a2e550_0;
v0x1a2c900_0 .alias "input0", 31 0, v0x1a2e3f0_0;
v0x1a2c9a0_0 .net "input1", 31 0, L_0x1a3d170; 1 drivers
v0x1a2ca40_0 .var "out", 31 0;
E_0x1a2c7d0 .event edge, v0x1a2c840_0, v0x1a2c9a0_0, v0x1a2c900_0;
S_0x1a0ec30 .scope module, "instruction_memory" "instruction_memory" 6 3;
 .timescale 0 0;
L_0x1a3d380 .functor BUFZ 32, L_0x1a3d2b0, C4<00000000000000000000000000000000>, C4<00000000000000000000000000000000>, C4<00000000000000000000000000000000>;
v0x1a2e970_0 .net "Addr", 31 0, C4<zzzzzzzzzzzzzzzzzzzzzzzzzzzzzzzz>; 0 drivers
v0x1a2eb90_0 .net "DataIn", 31 0, C4<zzzzzzzzzzzzzzzzzzzzzzzzzzzzzzzz>; 0 drivers
v0x1a2ec30_0 .net "DataOut", 31 0, L_0x1a3d380; 1 drivers
v0x1a2ecd0_0 .net *"_s0", 31 0, L_0x1a3d2b0; 1 drivers
v0x1a2ed80_0 .net "clk", 0 0, C4<z>; 0 drivers
v0x1a2ee20 .array "mem", 0 4095, 31 0;
v0x1a2eea0_0 .net "regWE", 0 0, C4<z>; 0 drivers
E_0x1a2d690 .event edge, v0x1a2e970_0;
L_0x1a3d2b0 .array/port v0x1a2ee20, C4<zzzzzzzzzzzzzzzzzzzzzzzzzzzzzzzz>;
S_0x1a0e440 .scope module, "mux" "mux" 2 1;
 .timescale 0 0;
P_0x19f8b38 .param/l "width" 2 2, +C4<0100000>;
v0x1a2ef80_0 .net "address", 0 0, C4<z>; 0 drivers
v0x1a2f040_0 .net "input0", 31 0, C4<zzzzzzzzzzzzzzzzzzzzzzzzzzzzzzzz>; 0 drivers
v0x1a2f0e0_0 .net "input1", 31 0, C4<zzzzzzzzzzzzzzzzzzzzzzzzzzzzzzzz>; 0 drivers
v0x1a2f180_0 .var "out", 31 0;
E_0x1a2ed50 .event edge, v0x1a2ef80_0, v0x1a2f0e0_0, v0x1a2f040_0;
S_0x1a0dc50 .scope module, "mux32to1by1" "mux32to1by1" 8 1;
 .timescale 0 0;
v0x1a2f230_0 .net "address", 4 0, C4<zzzzz>; 0 drivers
v0x1a2f2f0_0 .net "inputs", 31 0, C4<zzzzzzzzzzzzzzzzzzzzzzzzzzzzzzzz>; 0 drivers
v0x1a2f390_0 .net "mux", 0 0, C4<z>; 0 drivers
v0x1a2f430_0 .net "out", 0 0, L_0x1a3d460; 1 drivers
L_0x1a3d460 .part/v C4<z>, C4<zzzzz>, 1;
S_0x1a0d460 .scope module, "regfile" "regfile" 9 15;
 .timescale 0 0;
v0x1a3a3f0_0 .net "Clk", 0 0, C4<z>; 0 drivers
v0x1a36940_0 .net "ReadData1", 31 0, L_0x1a41ee0; 1 drivers
v0x1a369f0_0 .net "ReadData2", 31 0, L_0x1a432f0; 1 drivers
v0x1a36aa0_0 .net "ReadRegister1", 4 0, C4<zzzzz>; 0 drivers
v0x1a3a8a0_0 .net "ReadRegister2", 4 0, C4<zzzzz>; 0 drivers
v0x1a3a920_0 .net "RegWrite", 0 0, C4<z>; 0 drivers
v0x1a3a9a0_0 .net "WriteData", 31 0, C4<zzzzzzzzzzzzzzzzzzzzzzzzzzzzzzzz>; 0 drivers
v0x1a36b50_0 .net "WriteRegister", 4 0, C4<zzzzz>; 0 drivers
v0x1a36c50_0 .net "decoder", 31 0, L_0x1a3d740; 1 drivers
v0x1a3ae30_0 .net "reg0", 31 0, v0x1a39e90_0; 1 drivers
v0x1a3aeb0_0 .net "reg1", 31 0, v0x1a39b30_0; 1 drivers
v0x1a3af30_0 .net "reg10", 31 0, v0x1a37cd0_0; 1 drivers
v0x1a3afb0_0 .net "reg11", 31 0, v0x1a37970_0; 1 drivers
v0x1a3b030_0 .net "reg12", 31 0, v0x1a37610_0; 1 drivers
v0x1a3b130_0 .net "reg13", 31 0, v0x1a372b0_0; 1 drivers
v0x1a3b1b0_0 .net "reg14", 31 0, v0x1a36f50_0; 1 drivers
v0x1a3b0b0_0 .net "reg15", 31 0, v0x1a34da0_0; 1 drivers
v0x1a3b2c0_0 .net "reg16", 31 0, v0x1a36660_0; 1 drivers
v0x1a3b230_0 .net "reg17", 31 0, v0x1a36300_0; 1 drivers
v0x1a3b3e0_0 .net "reg18", 31 0, v0x1a35fa0_0; 1 drivers
v0x1a3b340_0 .net "reg19", 31 0, v0x1a35c40_0; 1 drivers
v0x1a3b510_0 .net "reg2", 31 0, v0x1a397d0_0; 1 drivers
v0x1a3b460_0 .net "reg20", 31 0, v0x1a358e0_0; 1 drivers
v0x1a3b650_0 .net "reg21", 31 0, v0x1a35580_0; 1 drivers
v0x1a3b590_0 .net "reg22", 31 0, v0x1a35220_0; 1 drivers
v0x1a3b7a0_0 .net "reg23", 31 0, v0x1a34030_0; 1 drivers
v0x1a3b6d0_0 .net "reg24", 31 0, v0x1a34a40_0; 1 drivers
v0x1a3b900_0 .net "reg25", 31 0, v0x1a346e0_0; 1 drivers
v0x1a3b820_0 .net "reg26", 31 0, v0x1a343d0_0; 1 drivers
v0x1a3ba70_0 .net "reg27", 31 0, v0x1a340c0_0; 1 drivers
v0x1a3b980_0 .net "reg28", 31 0, v0x1a33c40_0; 1 drivers
v0x1a3bbf0_0 .net "reg29", 31 0, v0x1a33900_0; 1 drivers
v0x1a3baf0_0 .net "reg3", 31 0, v0x1a39470_0; 1 drivers
v0x1a3bb70_0 .net "reg30", 31 0, v0x1a33520_0; 1 drivers
v0x1a3bd90_0 .net "reg31", 31 0, v0x1a331b0_0; 1 drivers
v0x1a3be10_0 .net "reg4", 31 0, v0x1a39110_0; 1 drivers
v0x1a3bc70_0 .net "reg5", 31 0, v0x1a38db0_0; 1 drivers
v0x1a3bcf0_0 .net "reg6", 31 0, v0x1a38a50_0; 1 drivers
v0x1a3bfd0_0 .net "reg7", 31 0, v0x1a386f0_0; 1 drivers
v0x1a3c050_0 .net "reg8", 31 0, v0x1a38390_0; 1 drivers
v0x1a3be90_0 .net "reg9", 31 0, v0x1a38030_0; 1 drivers
L_0x1a3d8d0 .part L_0x1a3d740, 0, 1;
L_0x1a3d970 .part L_0x1a3d740, 1, 1;
L_0x1a3daa0 .part L_0x1a3d740, 2, 1;
L_0x1a3db40 .part L_0x1a3d740, 3, 1;
L_0x1a3dc10 .part L_0x1a3d740, 4, 1;
L_0x1a3dce0 .part L_0x1a3d740, 5, 1;
L_0x1a3dec0 .part L_0x1a3d740, 6, 1;
L_0x1a3df60 .part L_0x1a3d740, 7, 1;
L_0x1a3e000 .part L_0x1a3d740, 8, 1;
L_0x1a3e0d0 .part L_0x1a3d740, 9, 1;
L_0x1a3e200 .part L_0x1a3d740, 10, 1;
L_0x1a3e2d0 .part L_0x1a3d740, 11, 1;
L_0x1a3e3a0 .part L_0x1a3d740, 12, 1;
L_0x1a3e470 .part L_0x1a3d740, 13, 1;
L_0x1a3e750 .part L_0x1a3d740, 14, 1;
L_0x1a3e7f0 .part L_0x1a3d740, 15, 1;
L_0x1a3e920 .part L_0x1a3d740, 16, 1;
L_0x1a3e9c0 .part L_0x1a3d740, 17, 1;
L_0x1a3eb30 .part L_0x1a3d740, 18, 1;
L_0x1a3ebd0 .part L_0x1a3d740, 19, 1;
L_0x1a3ea90 .part L_0x1a3d740, 20, 1;
L_0x1a3ed20 .part L_0x1a3d740, 21, 1;
L_0x1a3ec70 .part L_0x1a3d740, 22, 1;
L_0x1a3eee0 .part L_0x1a3d740, 23, 1;
L_0x1a3edf0 .part L_0x1a3d740, 24, 1;
L_0x1a3f0b0 .part L_0x1a3d740, 25, 1;
L_0x1a3efb0 .part L_0x1a3d740, 26, 1;
L_0x1a3f260 .part L_0x1a3d740, 27, 1;
L_0x1a3f180 .part L_0x1a3d740, 28, 1;
L_0x1a3f420 .part L_0x1a3d740, 29, 1;
L_0x1a3f330 .part L_0x1a3d740, 30, 1;
L_0x1a3e640 .part L_0x1a3d740, 31, 1;
S_0x1a39fe0 .scope module, "dec" "decoder1to32" 9 34, 10 4, S_0x1a0d460;
 .timescale 0 0;
v0x1a3a0d0_0 .net *"_s0", 31 0, L_0x1a3d560; 1 drivers
v0x1a3a190_0 .net *"_s3", 30 0, C4<0000000000000000000000000000000>; 1 drivers
v0x1a3a230_0 .alias "address", 4 0, v0x1a36b50_0;
v0x1a3a2d0_0 .alias "enable", 0 0, v0x1a3a920_0;
v0x1a3a350_0 .alias "out", 31 0, v0x1a36c50_0;
L_0x1a3d560 .concat [ 1 31 0 0], C4<z>, C4<0000000000000000000000000000000>;
L_0x1a3d740 .shift/l 32, L_0x1a3d560, C4<zzzzz>;
S_0x1a39c80 .scope module, "r0" "register32zero" 9 35, 11 1, S_0x1a0d460;
 .timescale 0 0;
v0x1a39d70_0 .alias "clk", 0 0, v0x1a3a3f0_0;
v0x1a39e10_0 .alias "d", 31 0, v0x1a3a9a0_0;
v0x1a39e90_0 .var "q", 31 0;
v0x1a39f60_0 .net "wrenable", 0 0, L_0x1a3d8d0; 1 drivers
S_0x1a39920 .scope module, "r1" "register32" 9 36, 12 1, S_0x1a0d460;
 .timescale 0 0;
v0x1a39a10_0 .alias "clk", 0 0, v0x1a3a3f0_0;
v0x1a39ab0_0 .alias "d", 31 0, v0x1a3a9a0_0;
v0x1a39b30_0 .var "q", 31 0;
v0x1a39c00_0 .net "wrenable", 0 0, L_0x1a3d970; 1 drivers
S_0x1a395c0 .scope module, "r2" "register32" 9 37, 12 1, S_0x1a0d460;
 .timescale 0 0;
v0x1a396b0_0 .alias "clk", 0 0, v0x1a3a3f0_0;
v0x1a39750_0 .alias "d", 31 0, v0x1a3a9a0_0;
v0x1a397d0_0 .var "q", 31 0;
v0x1a398a0_0 .net "wrenable", 0 0, L_0x1a3daa0; 1 drivers
S_0x1a39260 .scope module, "r3" "register32" 9 38, 12 1, S_0x1a0d460;
 .timescale 0 0;
v0x1a39350_0 .alias "clk", 0 0, v0x1a3a3f0_0;
v0x1a393f0_0 .alias "d", 31 0, v0x1a3a9a0_0;
v0x1a39470_0 .var "q", 31 0;
v0x1a39540_0 .net "wrenable", 0 0, L_0x1a3db40; 1 drivers
S_0x1a38f00 .scope module, "r4" "register32" 9 39, 12 1, S_0x1a0d460;
 .timescale 0 0;
v0x1a38ff0_0 .alias "clk", 0 0, v0x1a3a3f0_0;
v0x1a39090_0 .alias "d", 31 0, v0x1a3a9a0_0;
v0x1a39110_0 .var "q", 31 0;
v0x1a391e0_0 .net "wrenable", 0 0, L_0x1a3dc10; 1 drivers
S_0x1a38ba0 .scope module, "r5" "register32" 9 40, 12 1, S_0x1a0d460;
 .timescale 0 0;
v0x1a38c90_0 .alias "clk", 0 0, v0x1a3a3f0_0;
v0x1a38d30_0 .alias "d", 31 0, v0x1a3a9a0_0;
v0x1a38db0_0 .var "q", 31 0;
v0x1a38e80_0 .net "wrenable", 0 0, L_0x1a3dce0; 1 drivers
S_0x1a38840 .scope module, "r6" "register32" 9 41, 12 1, S_0x1a0d460;
 .timescale 0 0;
v0x1a38930_0 .alias "clk", 0 0, v0x1a3a3f0_0;
v0x1a389d0_0 .alias "d", 31 0, v0x1a3a9a0_0;
v0x1a38a50_0 .var "q", 31 0;
v0x1a38b20_0 .net "wrenable", 0 0, L_0x1a3dec0; 1 drivers
S_0x1a384e0 .scope module, "r7" "register32" 9 42, 12 1, S_0x1a0d460;
 .timescale 0 0;
v0x1a385d0_0 .alias "clk", 0 0, v0x1a3a3f0_0;
v0x1a38670_0 .alias "d", 31 0, v0x1a3a9a0_0;
v0x1a386f0_0 .var "q", 31 0;
v0x1a387c0_0 .net "wrenable", 0 0, L_0x1a3df60; 1 drivers
S_0x1a38180 .scope module, "r8" "register32" 9 43, 12 1, S_0x1a0d460;
 .timescale 0 0;
v0x1a38270_0 .alias "clk", 0 0, v0x1a3a3f0_0;
v0x1a38310_0 .alias "d", 31 0, v0x1a3a9a0_0;
v0x1a38390_0 .var "q", 31 0;
v0x1a38460_0 .net "wrenable", 0 0, L_0x1a3e000; 1 drivers
S_0x1a37e20 .scope module, "r9" "register32" 9 44, 12 1, S_0x1a0d460;
 .timescale 0 0;
v0x1a37f10_0 .alias "clk", 0 0, v0x1a3a3f0_0;
v0x1a37fb0_0 .alias "d", 31 0, v0x1a3a9a0_0;
v0x1a38030_0 .var "q", 31 0;
v0x1a38100_0 .net "wrenable", 0 0, L_0x1a3e0d0; 1 drivers
S_0x1a37ac0 .scope module, "r10" "register32" 9 45, 12 1, S_0x1a0d460;
 .timescale 0 0;
v0x1a37bb0_0 .alias "clk", 0 0, v0x1a3a3f0_0;
v0x1a37c50_0 .alias "d", 31 0, v0x1a3a9a0_0;
v0x1a37cd0_0 .var "q", 31 0;
v0x1a37da0_0 .net "wrenable", 0 0, L_0x1a3e200; 1 drivers
S_0x1a37760 .scope module, "r11" "register32" 9 46, 12 1, S_0x1a0d460;
 .timescale 0 0;
v0x1a37850_0 .alias "clk", 0 0, v0x1a3a3f0_0;
v0x1a378f0_0 .alias "d", 31 0, v0x1a3a9a0_0;
v0x1a37970_0 .var "q", 31 0;
v0x1a37a40_0 .net "wrenable", 0 0, L_0x1a3e2d0; 1 drivers
S_0x1a37400 .scope module, "r12" "register32" 9 47, 12 1, S_0x1a0d460;
 .timescale 0 0;
v0x1a374f0_0 .alias "clk", 0 0, v0x1a3a3f0_0;
v0x1a37590_0 .alias "d", 31 0, v0x1a3a9a0_0;
v0x1a37610_0 .var "q", 31 0;
v0x1a376e0_0 .net "wrenable", 0 0, L_0x1a3e3a0; 1 drivers
S_0x1a370a0 .scope module, "r13" "register32" 9 48, 12 1, S_0x1a0d460;
 .timescale 0 0;
v0x1a37190_0 .alias "clk", 0 0, v0x1a3a3f0_0;
v0x1a37230_0 .alias "d", 31 0, v0x1a3a9a0_0;
v0x1a372b0_0 .var "q", 31 0;
v0x1a37380_0 .net "wrenable", 0 0, L_0x1a3e470; 1 drivers
S_0x1a36d60 .scope module, "r14" "register32" 9 49, 12 1, S_0x1a0d460;
 .timescale 0 0;
v0x1a36e50_0 .alias "clk", 0 0, v0x1a3a3f0_0;
v0x1a36ed0_0 .alias "d", 31 0, v0x1a3a9a0_0;
v0x1a36f50_0 .var "q", 31 0;
v0x1a37020_0 .net "wrenable", 0 0, L_0x1a3e750; 1 drivers
S_0x1a367b0 .scope module, "r15" "register32" 9 50, 12 1, S_0x1a0d460;
 .timescale 0 0;
v0x1a368a0_0 .alias "clk", 0 0, v0x1a3a3f0_0;
v0x1a34d20_0 .alias "d", 31 0, v0x1a3a9a0_0;
v0x1a34da0_0 .var "q", 31 0;
v0x1a34e70_0 .net "wrenable", 0 0, L_0x1a3e7f0; 1 drivers
S_0x1a36450 .scope module, "r16" "register32" 9 51, 12 1, S_0x1a0d460;
 .timescale 0 0;
v0x1a36540_0 .alias "clk", 0 0, v0x1a3a3f0_0;
v0x1a365e0_0 .alias "d", 31 0, v0x1a3a9a0_0;
v0x1a36660_0 .var "q", 31 0;
v0x1a36730_0 .net "wrenable", 0 0, L_0x1a3e920; 1 drivers
S_0x1a360f0 .scope module, "r17" "register32" 9 52, 12 1, S_0x1a0d460;
 .timescale 0 0;
v0x1a361e0_0 .alias "clk", 0 0, v0x1a3a3f0_0;
v0x1a36280_0 .alias "d", 31 0, v0x1a3a9a0_0;
v0x1a36300_0 .var "q", 31 0;
v0x1a363d0_0 .net "wrenable", 0 0, L_0x1a3e9c0; 1 drivers
S_0x1a35d90 .scope module, "r18" "register32" 9 53, 12 1, S_0x1a0d460;
 .timescale 0 0;
v0x1a35e80_0 .alias "clk", 0 0, v0x1a3a3f0_0;
v0x1a35f20_0 .alias "d", 31 0, v0x1a3a9a0_0;
v0x1a35fa0_0 .var "q", 31 0;
v0x1a36070_0 .net "wrenable", 0 0, L_0x1a3eb30; 1 drivers
S_0x1a35a30 .scope module, "r19" "register32" 9 54, 12 1, S_0x1a0d460;
 .timescale 0 0;
v0x1a35b20_0 .alias "clk", 0 0, v0x1a3a3f0_0;
v0x1a35bc0_0 .alias "d", 31 0, v0x1a3a9a0_0;
v0x1a35c40_0 .var "q", 31 0;
v0x1a35d10_0 .net "wrenable", 0 0, L_0x1a3ebd0; 1 drivers
S_0x1a356d0 .scope module, "r20" "register32" 9 55, 12 1, S_0x1a0d460;
 .timescale 0 0;
v0x1a357c0_0 .alias "clk", 0 0, v0x1a3a3f0_0;
v0x1a35860_0 .alias "d", 31 0, v0x1a3a9a0_0;
v0x1a358e0_0 .var "q", 31 0;
v0x1a359b0_0 .net "wrenable", 0 0, L_0x1a3ea90; 1 drivers
S_0x1a35370 .scope module, "r21" "register32" 9 56, 12 1, S_0x1a0d460;
 .timescale 0 0;
v0x1a35460_0 .alias "clk", 0 0, v0x1a3a3f0_0;
v0x1a35500_0 .alias "d", 31 0, v0x1a3a9a0_0;
v0x1a35580_0 .var "q", 31 0;
v0x1a35650_0 .net "wrenable", 0 0, L_0x1a3ed20; 1 drivers
S_0x1a35010 .scope module, "r22" "register32" 9 57, 12 1, S_0x1a0d460;
 .timescale 0 0;
v0x1a35100_0 .alias "clk", 0 0, v0x1a3a3f0_0;
v0x1a351a0_0 .alias "d", 31 0, v0x1a3a9a0_0;
v0x1a35220_0 .var "q", 31 0;
v0x1a352f0_0 .net "wrenable", 0 0, L_0x1a3ec70; 1 drivers
S_0x1a34b90 .scope module, "r23" "register32" 9 58, 12 1, S_0x1a0d460;
 .timescale 0 0;
v0x1a34c80_0 .alias "clk", 0 0, v0x1a3a3f0_0;
v0x1a33f20_0 .alias "d", 31 0, v0x1a3a9a0_0;
v0x1a34030_0 .var "q", 31 0;
v0x1a34f90_0 .net "wrenable", 0 0, L_0x1a3eee0; 1 drivers
S_0x1a34830 .scope module, "r24" "register32" 9 59, 12 1, S_0x1a0d460;
 .timescale 0 0;
v0x1a34920_0 .alias "clk", 0 0, v0x1a3a3f0_0;
v0x1a349c0_0 .alias "d", 31 0, v0x1a3a9a0_0;
v0x1a34a40_0 .var "q", 31 0;
v0x1a34b10_0 .net "wrenable", 0 0, L_0x1a3edf0; 1 drivers
S_0x1a344d0 .scope module, "r25" "register32" 9 60, 12 1, S_0x1a0d460;
 .timescale 0 0;
v0x1a345c0_0 .alias "clk", 0 0, v0x1a3a3f0_0;
v0x1a34660_0 .alias "d", 31 0, v0x1a3a9a0_0;
v0x1a346e0_0 .var "q", 31 0;
v0x1a347b0_0 .net "wrenable", 0 0, L_0x1a3f0b0; 1 drivers
S_0x1a341c0 .scope module, "r26" "register32" 9 61, 12 1, S_0x1a0d460;
 .timescale 0 0;
v0x1a342b0_0 .alias "clk", 0 0, v0x1a3a3f0_0;
v0x1a34350_0 .alias "d", 31 0, v0x1a3a9a0_0;
v0x1a343d0_0 .var "q", 31 0;
v0x1a34450_0 .net "wrenable", 0 0, L_0x1a3efb0; 1 drivers
S_0x1a33d90 .scope module, "r27" "register32" 9 62, 12 1, S_0x1a0d460;
 .timescale 0 0;
v0x1a33e80_0 .alias "clk", 0 0, v0x1a3a3f0_0;
v0x1a33fb0_0 .alias "d", 31 0, v0x1a3a9a0_0;
v0x1a340c0_0 .var "q", 31 0;
v0x1a34140_0 .net "wrenable", 0 0, L_0x1a3f260; 1 drivers
S_0x1a33a50 .scope module, "r28" "register32" 9 63, 12 1, S_0x1a0d460;
 .timescale 0 0;
v0x1a33b40_0 .alias "clk", 0 0, v0x1a3a3f0_0;
v0x1a33bc0_0 .alias "d", 31 0, v0x1a3a9a0_0;
v0x1a33c40_0 .var "q", 31 0;
v0x1a33d10_0 .net "wrenable", 0 0, L_0x1a3f180; 1 drivers
S_0x1a33670 .scope module, "r29" "register32" 9 64, 12 1, S_0x1a0d460;
 .timescale 0 0;
v0x1a33760_0 .alias "clk", 0 0, v0x1a3a3f0_0;
v0x1a33830_0 .alias "d", 31 0, v0x1a3a9a0_0;
v0x1a33900_0 .var "q", 31 0;
v0x1a339d0_0 .net "wrenable", 0 0, L_0x1a3f420; 1 drivers
S_0x1a332b0 .scope module, "r30" "register32" 9 65, 12 1, S_0x1a0d460;
 .timescale 0 0;
v0x1a333a0_0 .alias "clk", 0 0, v0x1a3a3f0_0;
v0x1a33470_0 .alias "d", 31 0, v0x1a3a9a0_0;
v0x1a33520_0 .var "q", 31 0;
v0x1a335f0_0 .net "wrenable", 0 0, L_0x1a3f330; 1 drivers
S_0x1a32cd0 .scope module, "r31" "register32" 9 66, 12 1, S_0x1a0d460;
 .timescale 0 0;
v0x1a33050_0 .alias "clk", 0 0, v0x1a3a3f0_0;
v0x1a33110_0 .alias "d", 31 0, v0x1a3a9a0_0;
v0x1a331b0_0 .var "q", 31 0;
v0x1a33230_0 .net "wrenable", 0 0, L_0x1a3e640; 1 drivers
E_0x1a309c0 .event posedge, v0x1a33050_0;
S_0x1a30da0 .scope module, "mux1" "mux32to1by32" 9 68, 13 1, S_0x1a0d460;
 .timescale 0 0;
L_0x1a3e1a0 .functor BUFZ 32, v0x1a39e90_0, C4<00000000000000000000000000000000>, C4<00000000000000000000000000000000>, C4<00000000000000000000000000000000>;
L_0x1a2e5d0 .functor BUFZ 32, v0x1a39b30_0, C4<00000000000000000000000000000000>, C4<00000000000000000000000000000000>, C4<00000000000000000000000000000000>;
L_0x1a3e5d0 .functor BUFZ 32, v0x1a397d0_0, C4<00000000000000000000000000000000>, C4<00000000000000000000000000000000>, C4<00000000000000000000000000000000>;
L_0x1a3ddb0 .functor BUFZ 32, v0x1a39470_0, C4<00000000000000000000000000000000>, C4<00000000000000000000000000000000>, C4<00000000000000000000000000000000>;
L_0x1a3fbf0 .functor BUFZ 32, v0x1a39110_0, C4<00000000000000000000000000000000>, C4<00000000000000000000000000000000>, C4<00000000000000000000000000000000>;
L_0x1a3fd10 .functor BUFZ 32, v0x1a38db0_0, C4<00000000000000000000000000000000>, C4<00000000000000000000000000000000>, C4<00000000000000000000000000000000>;
L_0x1a3fe70 .functor BUFZ 32, v0x1a38a50_0, C4<00000000000000000000000000000000>, C4<00000000000000000000000000000000>, C4<00000000000000000000000000000000>;
L_0x1a3ff60 .functor BUFZ 32, v0x1a386f0_0, C4<00000000000000000000000000000000>, C4<00000000000000000000000000000000>, C4<00000000000000000000000000000000>;
L_0x1a40080 .functor BUFZ 32, v0x1a38390_0, C4<00000000000000000000000000000000>, C4<00000000000000000000000000000000>, C4<00000000000000000000000000000000>;
L_0x1a401a0 .functor BUFZ 32, v0x1a38030_0, C4<00000000000000000000000000000000>, C4<00000000000000000000000000000000>, C4<00000000000000000000000000000000>;
L_0x1a40320 .functor BUFZ 32, v0x1a37cd0_0, C4<00000000000000000000000000000000>, C4<00000000000000000000000000000000>, C4<00000000000000000000000000000000>;
L_0x1a40440 .functor BUFZ 32, v0x1a37970_0, C4<00000000000000000000000000000000>, C4<00000000000000000000000000000000>, C4<00000000000000000000000000000000>;
L_0x1a402c0 .functor BUFZ 32, v0x1a37610_0, C4<00000000000000000000000000000000>, C4<00000000000000000000000000000000>, C4<00000000000000000000000000000000>;
L_0x1a40690 .functor BUFZ 32, v0x1a372b0_0, C4<00000000000000000000000000000000>, C4<00000000000000000000000000000000>, C4<00000000000000000000000000000000>;
L_0x1a40830 .functor BUFZ 32, v0x1a36f50_0, C4<00000000000000000000000000000000>, C4<00000000000000000000000000000000>, C4<00000000000000000000000000000000>;
L_0x1a40950 .functor BUFZ 32, v0x1a34da0_0, C4<00000000000000000000000000000000>, C4<00000000000000000000000000000000>, C4<00000000000000000000000000000000>;
L_0x1a40b00 .functor BUFZ 32, v0x1a36660_0, C4<00000000000000000000000000000000>, C4<00000000000000000000000000000000>, C4<00000000000000000000000000000000>;
L_0x1a40c20 .functor BUFZ 32, v0x1a36300_0, C4<00000000000000000000000000000000>, C4<00000000000000000000000000000000>, C4<00000000000000000000000000000000>;
L_0x1a40a70 .functor BUFZ 32, v0x1a35fa0_0, C4<00000000000000000000000000000000>, C4<00000000000000000000000000000000>, C4<00000000000000000000000000000000>;
L_0x1a40e70 .functor BUFZ 32, v0x1a35c40_0, C4<00000000000000000000000000000000>, C4<00000000000000000000000000000000>, C4<00000000000000000000000000000000>;
L_0x1a40d40 .functor BUFZ 32, v0x1a358e0_0, C4<00000000000000000000000000000000>, C4<00000000000000000000000000000000>, C4<00000000000000000000000000000000>;
L_0x1a410d0 .functor BUFZ 32, v0x1a35580_0, C4<00000000000000000000000000000000>, C4<00000000000000000000000000000000>, C4<00000000000000000000000000000000>;
L_0x1a40f90 .functor BUFZ 32, v0x1a35220_0, C4<00000000000000000000000000000000>, C4<00000000000000000000000000000000>, C4<00000000000000000000000000000000>;
L_0x1a41340 .functor BUFZ 32, v0x1a34030_0, C4<00000000000000000000000000000000>, C4<00000000000000000000000000000000>, C4<00000000000000000000000000000000>;
L_0x1a411f0 .functor BUFZ 32, v0x1a34a40_0, C4<00000000000000000000000000000000>, C4<00000000000000000000000000000000>, C4<00000000000000000000000000000000>;
L_0x1a415c0 .functor BUFZ 32, v0x1a346e0_0, C4<00000000000000000000000000000000>, C4<00000000000000000000000000000000>, C4<00000000000000000000000000000000>;
L_0x1a41460 .functor BUFZ 32, v0x1a343d0_0, C4<00000000000000000000000000000000>, C4<00000000000000000000000000000000>, C4<00000000000000000000000000000000>;
L_0x1a41820 .functor BUFZ 32, v0x1a340c0_0, C4<00000000000000000000000000000000>, C4<00000000000000000000000000000000>, C4<00000000000000000000000000000000>;
L_0x1a416b0 .functor BUFZ 32, v0x1a33c40_0, C4<00000000000000000000000000000000>, C4<00000000000000000000000000000000>, C4<00000000000000000000000000000000>;
L_0x1a41a90 .functor BUFZ 32, v0x1a33900_0, C4<00000000000000000000000000000000>, C4<00000000000000000000000000000000>, C4<00000000000000000000000000000000>;
L_0x1a41910 .functor BUFZ 32, v0x1a33520_0, C4<00000000000000000000000000000000>, C4<00000000000000000000000000000000>, C4<00000000000000000000000000000000>;
L_0x1a419a0 .functor BUFZ 32, v0x1a331b0_0, C4<00000000000000000000000000000000>, C4<00000000000000000000000000000000>, C4<00000000000000000000000000000000>;
L_0x1a41ee0 .functor BUFZ 32, L_0x1a41b80, C4<00000000000000000000000000000000>, C4<00000000000000000000000000000000>, C4<00000000000000000000000000000000>;
v0x1a31480_0 .net *"_s96", 31 0, L_0x1a41b80; 1 drivers
v0x1a31540_0 .alias "address", 4 0, v0x1a36aa0_0;
v0x1a315e0_0 .alias "input0", 31 0, v0x1a3ae30_0;
v0x1a31660_0 .alias "input1", 31 0, v0x1a3aeb0_0;
v0x1a31740_0 .alias "input10", 31 0, v0x1a3af30_0;
v0x1a317f0_0 .alias "input11", 31 0, v0x1a3afb0_0;
v0x1a31870_0 .alias "input12", 31 0, v0x1a3b030_0;
v0x1a31920_0 .alias "input13", 31 0, v0x1a3b130_0;
v0x1a319d0_0 .alias "input14", 31 0, v0x1a3b1b0_0;
v0x1a31a80_0 .alias "input15", 31 0, v0x1a3b0b0_0;
v0x1a31b30_0 .alias "input16", 31 0, v0x1a3b2c0_0;
v0x1a31be0_0 .alias "input17", 31 0, v0x1a3b230_0;
v0x1a31c90_0 .alias "input18", 31 0, v0x1a3b3e0_0;
v0x1a31d40_0 .alias "input19", 31 0, v0x1a3b340_0;
v0x1a31e70_0 .alias "input2", 31 0, v0x1a3b510_0;
v0x1a31f20_0 .alias "input20", 31 0, v0x1a3b460_0;
v0x1a31dc0_0 .alias "input21", 31 0, v0x1a3b650_0;
v0x1a32090_0 .alias "input22", 31 0, v0x1a3b590_0;
v0x1a321b0_0 .alias "input23", 31 0, v0x1a3b7a0_0;
v0x1a32230_0 .alias "input24", 31 0, v0x1a3b6d0_0;
v0x1a32110_0 .alias "input25", 31 0, v0x1a3b900_0;
v0x1a32390_0 .alias "input26", 31 0, v0x1a3b820_0;
v0x1a322e0_0 .alias "input27", 31 0, v0x1a3ba70_0;
v0x1a324d0_0 .alias "input28", 31 0, v0x1a3b980_0;
v0x1a32410_0 .alias "input29", 31 0, v0x1a3bbf0_0;
v0x1a32620_0 .alias "input3", 31 0, v0x1a3baf0_0;
v0x1a32580_0 .alias "input30", 31 0, v0x1a3bb70_0;
v0x1a327b0_0 .alias "input31", 31 0, v0x1a3bd90_0;
v0x1a326a0_0 .alias "input4", 31 0, v0x1a3be10_0;
v0x1a32920_0 .alias "input5", 31 0, v0x1a3bc70_0;
v0x1a32830_0 .alias "input6", 31 0, v0x1a3bcf0_0;
v0x1a32aa0_0 .alias "input7", 31 0, v0x1a3bfd0_0;
v0x1a329a0_0 .alias "input8", 31 0, v0x1a3c050_0;
v0x1a32c30_0 .alias "input9", 31 0, v0x1a3be90_0;
v0x1a32b20 .array "mux", 0 31;
v0x1a32b20_0 .net v0x1a32b20 0, 31 0, L_0x1a3e1a0; 1 drivers
v0x1a32b20_1 .net v0x1a32b20 1, 31 0, L_0x1a2e5d0; 1 drivers
v0x1a32b20_2 .net v0x1a32b20 2, 31 0, L_0x1a3e5d0; 1 drivers
v0x1a32b20_3 .net v0x1a32b20 3, 31 0, L_0x1a3ddb0; 1 drivers
v0x1a32b20_4 .net v0x1a32b20 4, 31 0, L_0x1a3fbf0; 1 drivers
v0x1a32b20_5 .net v0x1a32b20 5, 31 0, L_0x1a3fd10; 1 drivers
v0x1a32b20_6 .net v0x1a32b20 6, 31 0, L_0x1a3fe70; 1 drivers
v0x1a32b20_7 .net v0x1a32b20 7, 31 0, L_0x1a3ff60; 1 drivers
v0x1a32b20_8 .net v0x1a32b20 8, 31 0, L_0x1a40080; 1 drivers
v0x1a32b20_9 .net v0x1a32b20 9, 31 0, L_0x1a401a0; 1 drivers
v0x1a32b20_10 .net v0x1a32b20 10, 31 0, L_0x1a40320; 1 drivers
v0x1a32b20_11 .net v0x1a32b20 11, 31 0, L_0x1a40440; 1 drivers
v0x1a32b20_12 .net v0x1a32b20 12, 31 0, L_0x1a402c0; 1 drivers
v0x1a32b20_13 .net v0x1a32b20 13, 31 0, L_0x1a40690; 1 drivers
v0x1a32b20_14 .net v0x1a32b20 14, 31 0, L_0x1a40830; 1 drivers
v0x1a32b20_15 .net v0x1a32b20 15, 31 0, L_0x1a40950; 1 drivers
v0x1a32b20_16 .net v0x1a32b20 16, 31 0, L_0x1a40b00; 1 drivers
v0x1a32b20_17 .net v0x1a32b20 17, 31 0, L_0x1a40c20; 1 drivers
v0x1a32b20_18 .net v0x1a32b20 18, 31 0, L_0x1a40a70; 1 drivers
v0x1a32b20_19 .net v0x1a32b20 19, 31 0, L_0x1a40e70; 1 drivers
v0x1a32b20_20 .net v0x1a32b20 20, 31 0, L_0x1a40d40; 1 drivers
v0x1a32b20_21 .net v0x1a32b20 21, 31 0, L_0x1a410d0; 1 drivers
v0x1a32b20_22 .net v0x1a32b20 22, 31 0, L_0x1a40f90; 1 drivers
v0x1a32b20_23 .net v0x1a32b20 23, 31 0, L_0x1a41340; 1 drivers
v0x1a32b20_24 .net v0x1a32b20 24, 31 0, L_0x1a411f0; 1 drivers
v0x1a32b20_25 .net v0x1a32b20 25, 31 0, L_0x1a415c0; 1 drivers
v0x1a32b20_26 .net v0x1a32b20 26, 31 0, L_0x1a41460; 1 drivers
v0x1a32b20_27 .net v0x1a32b20 27, 31 0, L_0x1a41820; 1 drivers
v0x1a32b20_28 .net v0x1a32b20 28, 31 0, L_0x1a416b0; 1 drivers
v0x1a32b20_29 .net v0x1a32b20 29, 31 0, L_0x1a41a90; 1 drivers
v0x1a32b20_30 .net v0x1a32b20 30, 31 0, L_0x1a41910; 1 drivers
v0x1a32b20_31 .net v0x1a32b20 31, 31 0, L_0x1a419a0; 1 drivers
v0x1a32ba0_0 .alias "out", 31 0, v0x1a36940_0;
L_0x1a41b80 .array/port v0x1a32b20, C4<zzzzz>;
S_0x1a2f4e0 .scope module, "mux2" "mux32to1by32" 9 69, 13 1, S_0x1a0d460;
 .timescale 0 0;
L_0x1a41f40 .functor BUFZ 32, v0x1a39e90_0, C4<00000000000000000000000000000000>, C4<00000000000000000000000000000000>, C4<00000000000000000000000000000000>;
L_0x1a41fa0 .functor BUFZ 32, v0x1a39b30_0, C4<00000000000000000000000000000000>, C4<00000000000000000000000000000000>, C4<00000000000000000000000000000000>;
L_0x1a42000 .functor BUFZ 32, v0x1a397d0_0, C4<00000000000000000000000000000000>, C4<00000000000000000000000000000000>, C4<00000000000000000000000000000000>;
L_0x1a42060 .functor BUFZ 32, v0x1a39470_0, C4<00000000000000000000000000000000>, C4<00000000000000000000000000000000>, C4<00000000000000000000000000000000>;
L_0x1a42120 .functor BUFZ 32, v0x1a39110_0, C4<00000000000000000000000000000000>, C4<00000000000000000000000000000000>, C4<00000000000000000000000000000000>;
L_0x1a421b0 .functor BUFZ 32, v0x1a38db0_0, C4<00000000000000000000000000000000>, C4<00000000000000000000000000000000>, C4<00000000000000000000000000000000>;
L_0x1a42240 .functor BUFZ 32, v0x1a38a50_0, C4<00000000000000000000000000000000>, C4<00000000000000000000000000000000>, C4<00000000000000000000000000000000>;
L_0x1a422a0 .functor BUFZ 32, v0x1a386f0_0, C4<00000000000000000000000000000000>, C4<00000000000000000000000000000000>, C4<00000000000000000000000000000000>;
L_0x1a42300 .functor BUFZ 32, v0x1a38390_0, C4<00000000000000000000000000000000>, C4<00000000000000000000000000000000>, C4<00000000000000000000000000000000>;
L_0x1a42390 .functor BUFZ 32, v0x1a38030_0, C4<00000000000000000000000000000000>, C4<00000000000000000000000000000000>, C4<00000000000000000000000000000000>;
L_0x1a42480 .functor BUFZ 32, v0x1a37cd0_0, C4<00000000000000000000000000000000>, C4<00000000000000000000000000000000>, C4<00000000000000000000000000000000>;
L_0x1a42510 .functor BUFZ 32, v0x1a37970_0, C4<00000000000000000000000000000000>, C4<00000000000000000000000000000000>, C4<00000000000000000000000000000000>;
L_0x1a42420 .functor BUFZ 32, v0x1a37610_0, C4<00000000000000000000000000000000>, C4<00000000000000000000000000000000>, C4<00000000000000000000000000000000>;
L_0x1a425d0 .functor BUFZ 32, v0x1a372b0_0, C4<00000000000000000000000000000000>, C4<00000000000000000000000000000000>, C4<00000000000000000000000000000000>;
L_0x1a42660 .functor BUFZ 32, v0x1a36f50_0, C4<00000000000000000000000000000000>, C4<00000000000000000000000000000000>, C4<00000000000000000000000000000000>;
L_0x1a426f0 .functor BUFZ 32, v0x1a34da0_0, C4<00000000000000000000000000000000>, C4<00000000000000000000000000000000>, C4<00000000000000000000000000000000>;
L_0x1a42810 .functor BUFZ 32, v0x1a36660_0, C4<00000000000000000000000000000000>, C4<00000000000000000000000000000000>, C4<00000000000000000000000000000000>;
L_0x1a428a0 .functor BUFZ 32, v0x1a36300_0, C4<00000000000000000000000000000000>, C4<00000000000000000000000000000000>, C4<00000000000000000000000000000000>;
L_0x1a42780 .functor BUFZ 32, v0x1a35fa0_0, C4<00000000000000000000000000000000>, C4<00000000000000000000000000000000>, C4<00000000000000000000000000000000>;
L_0x1a429d0 .functor BUFZ 32, v0x1a35c40_0, C4<00000000000000000000000000000000>, C4<00000000000000000000000000000000>, C4<00000000000000000000000000000000>;
L_0x1a42930 .functor BUFZ 32, v0x1a358e0_0, C4<00000000000000000000000000000000>, C4<00000000000000000000000000000000>, C4<00000000000000000000000000000000>;
L_0x1a42b10 .functor BUFZ 32, v0x1a35580_0, C4<00000000000000000000000000000000>, C4<00000000000000000000000000000000>, C4<00000000000000000000000000000000>;
L_0x1a42a60 .functor BUFZ 32, v0x1a35220_0, C4<00000000000000000000000000000000>, C4<00000000000000000000000000000000>, C4<00000000000000000000000000000000>;
L_0x1a42c60 .functor BUFZ 32, v0x1a34030_0, C4<00000000000000000000000000000000>, C4<00000000000000000000000000000000>, C4<00000000000000000000000000000000>;
L_0x1a42ba0 .functor BUFZ 32, v0x1a34a40_0, C4<00000000000000000000000000000000>, C4<00000000000000000000000000000000>, C4<00000000000000000000000000000000>;
L_0x1a42dc0 .functor BUFZ 32, v0x1a346e0_0, C4<00000000000000000000000000000000>, C4<00000000000000000000000000000000>, C4<00000000000000000000000000000000>;
L_0x1a42cf0 .functor BUFZ 32, v0x1a343d0_0, C4<00000000000000000000000000000000>, C4<00000000000000000000000000000000>, C4<00000000000000000000000000000000>;
L_0x1a42f00 .functor BUFZ 32, v0x1a340c0_0, C4<00000000000000000000000000000000>, C4<00000000000000000000000000000000>, C4<00000000000000000000000000000000>;
L_0x1a42e20 .functor BUFZ 32, v0x1a33c40_0, C4<00000000000000000000000000000000>, C4<00000000000000000000000000000000>, C4<00000000000000000000000000000000>;
L_0x1a43050 .functor BUFZ 32, v0x1a33900_0, C4<00000000000000000000000000000000>, C4<00000000000000000000000000000000>, C4<00000000000000000000000000000000>;
L_0x1a42f60 .functor BUFZ 32, v0x1a33520_0, C4<00000000000000000000000000000000>, C4<00000000000000000000000000000000>, C4<00000000000000000000000000000000>;
L_0x1a42ff0 .functor BUFZ 32, v0x1a331b0_0, C4<00000000000000000000000000000000>, C4<00000000000000000000000000000000>, C4<00000000000000000000000000000000>;
L_0x1a432f0 .functor BUFZ 32, L_0x1a430b0, C4<00000000000000000000000000000000>, C4<00000000000000000000000000000000>, C4<00000000000000000000000000000000>;
v0x1a2f5d0_0 .net *"_s96", 31 0, L_0x1a430b0; 1 drivers
v0x1a2f690_0 .alias "address", 4 0, v0x1a3a8a0_0;
v0x1a2f730_0 .alias "input0", 31 0, v0x1a3ae30_0;
v0x1a2f7d0_0 .alias "input1", 31 0, v0x1a3aeb0_0;
v0x1a2f880_0 .alias "input10", 31 0, v0x1a3af30_0;
v0x1a2f920_0 .alias "input11", 31 0, v0x1a3afb0_0;
v0x1a2fa00_0 .alias "input12", 31 0, v0x1a3b030_0;
v0x1a2faa0_0 .alias "input13", 31 0, v0x1a3b130_0;
v0x1a2fb90_0 .alias "input14", 31 0, v0x1a3b1b0_0;
v0x1a2fc30_0 .alias "input15", 31 0, v0x1a3b0b0_0;
v0x1a2fcd0_0 .alias "input16", 31 0, v0x1a3b2c0_0;
v0x1a2fd70_0 .alias "input17", 31 0, v0x1a3b230_0;
v0x1a2fe10_0 .alias "input18", 31 0, v0x1a3b3e0_0;
v0x1a2feb0_0 .alias "input19", 31 0, v0x1a3b340_0;
v0x1a2ffd0_0 .alias "input2", 31 0, v0x1a3b510_0;
v0x1a30070_0 .alias "input20", 31 0, v0x1a3b460_0;
v0x1a2ff30_0 .alias "input21", 31 0, v0x1a3b650_0;
v0x1a301c0_0 .alias "input22", 31 0, v0x1a3b590_0;
v0x1a302e0_0 .alias "input23", 31 0, v0x1a3b7a0_0;
v0x1a30360_0 .alias "input24", 31 0, v0x1a3b6d0_0;
v0x1a30240_0 .alias "input25", 31 0, v0x1a3b900_0;
v0x1a30490_0 .alias "input26", 31 0, v0x1a3b820_0;
v0x1a303e0_0 .alias "input27", 31 0, v0x1a3ba70_0;
v0x1a305d0_0 .alias "input28", 31 0, v0x1a3b980_0;
v0x1a30530_0 .alias "input29", 31 0, v0x1a3bbf0_0;
v0x1a30720_0 .alias "input3", 31 0, v0x1a3baf0_0;
v0x1a30670_0 .alias "input30", 31 0, v0x1a3bb70_0;
v0x1a30880_0 .alias "input31", 31 0, v0x1a3bd90_0;
v0x1a307c0_0 .alias "input4", 31 0, v0x1a3be10_0;
v0x1a309f0_0 .alias "input5", 31 0, v0x1a3bc70_0;
v0x1a30900_0 .alias "input6", 31 0, v0x1a3bcf0_0;
v0x1a30b70_0 .alias "input7", 31 0, v0x1a3bfd0_0;
v0x1a30a70_0 .alias "input8", 31 0, v0x1a3c050_0;
v0x1a30d00_0 .alias "input9", 31 0, v0x1a3be90_0;
v0x1a30bf0 .array "mux", 0 31;
v0x1a30bf0_0 .net v0x1a30bf0 0, 31 0, L_0x1a41f40; 1 drivers
v0x1a30bf0_1 .net v0x1a30bf0 1, 31 0, L_0x1a41fa0; 1 drivers
v0x1a30bf0_2 .net v0x1a30bf0 2, 31 0, L_0x1a42000; 1 drivers
v0x1a30bf0_3 .net v0x1a30bf0 3, 31 0, L_0x1a42060; 1 drivers
v0x1a30bf0_4 .net v0x1a30bf0 4, 31 0, L_0x1a42120; 1 drivers
v0x1a30bf0_5 .net v0x1a30bf0 5, 31 0, L_0x1a421b0; 1 drivers
v0x1a30bf0_6 .net v0x1a30bf0 6, 31 0, L_0x1a42240; 1 drivers
v0x1a30bf0_7 .net v0x1a30bf0 7, 31 0, L_0x1a422a0; 1 drivers
v0x1a30bf0_8 .net v0x1a30bf0 8, 31 0, L_0x1a42300; 1 drivers
v0x1a30bf0_9 .net v0x1a30bf0 9, 31 0, L_0x1a42390; 1 drivers
v0x1a30bf0_10 .net v0x1a30bf0 10, 31 0, L_0x1a42480; 1 drivers
v0x1a30bf0_11 .net v0x1a30bf0 11, 31 0, L_0x1a42510; 1 drivers
v0x1a30bf0_12 .net v0x1a30bf0 12, 31 0, L_0x1a42420; 1 drivers
v0x1a30bf0_13 .net v0x1a30bf0 13, 31 0, L_0x1a425d0; 1 drivers
v0x1a30bf0_14 .net v0x1a30bf0 14, 31 0, L_0x1a42660; 1 drivers
v0x1a30bf0_15 .net v0x1a30bf0 15, 31 0, L_0x1a426f0; 1 drivers
v0x1a30bf0_16 .net v0x1a30bf0 16, 31 0, L_0x1a42810; 1 drivers
v0x1a30bf0_17 .net v0x1a30bf0 17, 31 0, L_0x1a428a0; 1 drivers
v0x1a30bf0_18 .net v0x1a30bf0 18, 31 0, L_0x1a42780; 1 drivers
v0x1a30bf0_19 .net v0x1a30bf0 19, 31 0, L_0x1a429d0; 1 drivers
v0x1a30bf0_20 .net v0x1a30bf0 20, 31 0, L_0x1a42930; 1 drivers
v0x1a30bf0_21 .net v0x1a30bf0 21, 31 0, L_0x1a42b10; 1 drivers
v0x1a30bf0_22 .net v0x1a30bf0 22, 31 0, L_0x1a42a60; 1 drivers
v0x1a30bf0_23 .net v0x1a30bf0 23, 31 0, L_0x1a42c60; 1 drivers
v0x1a30bf0_24 .net v0x1a30bf0 24, 31 0, L_0x1a42ba0; 1 drivers
v0x1a30bf0_25 .net v0x1a30bf0 25, 31 0, L_0x1a42dc0; 1 drivers
v0x1a30bf0_26 .net v0x1a30bf0 26, 31 0, L_0x1a42cf0; 1 drivers
v0x1a30bf0_27 .net v0x1a30bf0 27, 31 0, L_0x1a42f00; 1 drivers
v0x1a30bf0_28 .net v0x1a30bf0 28, 31 0, L_0x1a42e20; 1 drivers
v0x1a30bf0_29 .net v0x1a30bf0 29, 31 0, L_0x1a43050; 1 drivers
v0x1a30bf0_30 .net v0x1a30bf0 30, 31 0, L_0x1a42f60; 1 drivers
v0x1a30bf0_31 .net v0x1a30bf0 31, 31 0, L_0x1a42ff0; 1 drivers
v0x1a312d0_0 .alias "out", 31 0, v0x1a369f0_0;
L_0x1a430b0 .array/port v0x1a30bf0, C4<zzzzz>;
    .scope S_0x19f71a0;
T_0 ;
    %wait E_0x19ffba0;
    %load/v 8, v0x1a2b810_0, 1;
    %cmpi/u 8, 0, 1;
    %jmp/1 T_0.0, 6;
    %cmpi/u 8, 1, 1;
    %jmp/1 T_0.1, 6;
    %jmp T_0.2;
T_0.0 ;
    %load/v 8, v0x1a0f1b0_0, 5;
    %ix/load 0, 1, 0;
    %assign/v0 v0x1a2b8b0_0, 0, 8;
    %jmp T_0.2;
T_0.1 ;
    %load/v 8, v0x1a2b770_0, 5;
    %ix/load 0, 1, 0;
    %assign/v0 v0x1a2b8b0_0, 0, 8;
    %jmp T_0.2;
T_0.2 ;
    %jmp T_0;
    .thread T_0, $push;
    .scope S_0x1a01dd0;
T_1 ;
    %wait E_0x1a2b960;
    %load/v 8, v0x1a2c130_0, 6;
    %cmpi/u 8, 0, 6;
    %jmp/1 T_1.0, 6;
    %cmpi/u 8, 35, 6;
    %jmp/1 T_1.1, 6;
    %cmpi/u 8, 43, 6;
    %jmp/1 T_1.2, 6;
    %cmpi/u 8, 2, 6;
    %jmp/1 T_1.3, 6;
    %cmpi/u 8, 3, 6;
    %jmp/1 T_1.4, 6;
    %cmpi/u 8, 5, 6;
    %jmp/1 T_1.5, 6;
    %cmpi/u 8, 14, 6;
    %jmp/1 T_1.6, 6;
    %cmpi/u 8, 8, 6;
    %jmp/1 T_1.7, 6;
    %jmp T_1.8;
T_1.0 ;
    %set/v v0x1a2be00_0, 0, 1;
    %set/v v0x1a2b9d0_0, 0, 1;
    %set/v v0x1a2bea0_0, 0, 1;
    %set/v v0x1a2c030_0, 0, 1;
    %set/v v0x1a2bf90_0, 0, 1;
    %set/v v0x1a2bbd0_0, 0, 1;
    %set/v v0x1a2bc80_0, 0, 1;
    %load/v 8, v0x1a2bb30_0, 6;
    %cmpi/u 8, 8, 6;
    %jmp/1 T_1.9, 6;
    %cmpi/u 8, 36, 6;
    %jmp/1 T_1.10, 6;
    %cmpi/u 8, 34, 6;
    %jmp/1 T_1.11, 6;
    %cmpi/u 8, 42, 6;
    %jmp/1 T_1.12, 6;
    %jmp T_1.13;
T_1.9 ;
    %set/v v0x1a2c1d0_0, 0, 1;
    %set/v v0x1a2ba90_0, 0, 3;
    %set/v v0x1a2bd20_0, 1, 1;
    %set/v v0x1a2bc80_0, 1, 1;
    %jmp T_1.13;
T_1.10 ;
    %set/v v0x1a2c1d0_0, 1, 1;
    %set/v v0x1a2ba90_0, 0, 3;
    %set/v v0x1a2bd20_0, 0, 1;
    %jmp T_1.13;
T_1.11 ;
    %set/v v0x1a2c1d0_0, 1, 1;
    %movi 8, 1, 3;
    %set/v v0x1a2ba90_0, 8, 3;
    %set/v v0x1a2bd20_0, 0, 1;
    %jmp T_1.13;
T_1.12 ;
    %set/v v0x1a2c1d0_0, 1, 1;
    %movi 8, 2, 3;
    %set/v v0x1a2ba90_0, 8, 3;
    %set/v v0x1a2bd20_0, 0, 1;
    %jmp T_1.13;
T_1.13 ;
    %jmp T_1.8;
T_1.1 ;
    %set/v v0x1a2c1d0_0, 1, 1;
    %set/v v0x1a2be00_0, 0, 1;
    %set/v v0x1a2b9d0_0, 0, 1;
    %set/v v0x1a2bea0_0, 1, 1;
    %set/v v0x1a2c030_0, 0, 1;
    %set/v v0x1a2bf90_0, 1, 1;
    %set/v v0x1a2ba90_0, 0, 3;
    %set/v v0x1a2bd20_0, 0, 1;
    %set/v v0x1a2bc80_0, 0, 1;
    %set/v v0x1a2bbd0_0, 0, 1;
    %jmp T_1.8;
T_1.2 ;
    %set/v v0x1a2c1d0_0, 0, 1;
    %set/v v0x1a2be00_0, 0, 1;
    %set/v v0x1a2b9d0_0, 1, 1;
    %set/v v0x1a2bea0_0, 0, 1;
    %set/v v0x1a2c030_0, 1, 1;
    %set/v v0x1a2bf90_0, 0, 1;
    %set/v v0x1a2ba90_0, 0, 3;
    %set/v v0x1a2bd20_0, 0, 1;
    %set/v v0x1a2bc80_0, 0, 1;
    %set/v v0x1a2bbd0_0, 0, 1;
    %jmp T_1.8;
T_1.3 ;
    %set/v v0x1a2c1d0_0, 0, 1;
    %set/v v0x1a2be00_0, 0, 1;
    %set/v v0x1a2b9d0_0, 0, 1;
    %set/v v0x1a2bea0_0, 0, 1;
    %set/v v0x1a2c030_0, 0, 1;
    %set/v v0x1a2bf90_0, 0, 1;
    %set/v v0x1a2ba90_0, 0, 3;
    %set/v v0x1a2bd20_0, 1, 1;
    %set/v v0x1a2bc80_0, 0, 1;
    %set/v v0x1a2bbd0_0, 0, 1;
    %jmp T_1.8;
T_1.4 ;
    %set/v v0x1a2c1d0_0, 1, 1;
    %set/v v0x1a2be00_0, 1, 1;
    %set/v v0x1a2b9d0_0, 0, 1;
    %set/v v0x1a2bea0_0, 0, 1;
    %set/v v0x1a2c030_0, 0, 1;
    %set/v v0x1a2bf90_0, 0, 1;
    %set/v v0x1a2ba90_0, 0, 3;
    %set/v v0x1a2bd20_0, 1, 1;
    %set/v v0x1a2bc80_0, 0, 1;
    %set/v v0x1a2bbd0_0, 0, 1;
    %jmp T_1.8;
T_1.5 ;
    %set/v v0x1a2c1d0_0, 0, 1;
    %set/v v0x1a2be00_0, 0, 1;
    %set/v v0x1a2b9d0_0, 0, 1;
    %set/v v0x1a2bea0_0, 0, 1;
    %set/v v0x1a2c030_0, 0, 1;
    %set/v v0x1a2bf90_0, 0, 1;
    %movi 8, 1, 3;
    %set/v v0x1a2ba90_0, 8, 3;
    %set/v v0x1a2bd20_0, 0, 1;
    %set/v v0x1a2bc80_0, 0, 1;
    %set/v v0x1a2bbd0_0, 1, 1;
    %jmp T_1.8;
T_1.6 ;
    %set/v v0x1a2c1d0_0, 1, 1;
    %set/v v0x1a2be00_0, 0, 1;
    %set/v v0x1a2b9d0_0, 1, 1;
    %set/v v0x1a2bea0_0, 1, 1;
    %set/v v0x1a2c030_0, 0, 1;
    %set/v v0x1a2bf90_0, 0, 1;
    %movi 8, 3, 3;
    %set/v v0x1a2ba90_0, 8, 3;
    %set/v v0x1a2bd20_0, 0, 1;
    %set/v v0x1a2bc80_0, 0, 1;
    %set/v v0x1a2bbd0_0, 0, 1;
    %jmp T_1.8;
T_1.7 ;
    %set/v v0x1a2c1d0_0, 1, 1;
    %set/v v0x1a2be00_0, 0, 1;
    %set/v v0x1a2b9d0_0, 1, 1;
    %set/v v0x1a2bea0_0, 0, 1;
    %set/v v0x1a2c030_0, 0, 1;
    %set/v v0x1a2bf90_0, 0, 1;
    %set/v v0x1a2ba90_0, 0, 3;
    %set/v v0x1a2bd20_0, 0, 1;
    %set/v v0x1a2bc80_0, 0, 1;
    %set/v v0x1a2bbd0_0, 0, 1;
    %jmp T_1.8;
T_1.8 ;
    %jmp T_1;
    .thread T_1, $push;
    .scope S_0x1a015e0;
T_2 ;
    %wait E_0x1a2bc50;
    %load/v 8, v0x1a2c320_0, 1;
    %mov 9, 0, 2;
    %cmpi/u 8, 1, 3;
    %jmp/0xz  T_2.0, 4;
    %load/v 8, v0x1a2c480_0, 8;
    %ix/load 0, 8, 0;
    %assign/v0 v0x1a2c5d0_0, 0, 8;
T_2.0 ;
    %jmp T_2;
    .thread T_2;
    .scope S_0x1a2d6c0;
T_3 ;
    %vpi_call 6 51 "$readmemh", "data", v0x1a2dd00;
    %end;
    .thread T_3;
    .scope S_0x1a2d6c0;
T_4 ;
    %wait E_0x1a2d7b0;
    %load/v 8, v0x1a2dd80_0, 1;
    %jmp/0xz  T_4.0, 8;
    %load/v 8, v0x1a2d8b0_0, 32;
    %ix/getv 3, v0x1a2d7e0_0;
    %jmp/1 t_0, 4;
    %ix/load 0, 32, 0; word width
    %ix/load 1, 0, 0; part off
    %assign/av v0x1a2dd00, 0, 8;
t_0 ;
T_4.0 ;
    %jmp T_4;
    .thread T_4, $push;
    .scope S_0x1a2d280;
T_5 ;
    %wait E_0x1a2d370;
    %load/v 8, v0x1a2d3e0_0, 1;
    %cmpi/u 8, 0, 1;
    %jmp/1 T_5.0, 6;
    %cmpi/u 8, 1, 1;
    %jmp/1 T_5.1, 6;
    %jmp T_5.2;
T_5.0 ;
    %load/v 8, v0x1a2d4a0_0, 32;
    %ix/load 0, 32, 0;
    %assign/v0 v0x1a2d5e0_0, 0, 8;
    %jmp T_5.2;
T_5.1 ;
    %load/v 8, v0x1a2d540_0, 32;
    %ix/load 0, 32, 0;
    %assign/v0 v0x1a2d5e0_0, 0, 8;
    %jmp T_5.2;
T_5.2 ;
    %jmp T_5;
    .thread T_5, $push;
    .scope S_0x1a2caf0;
T_6 ;
    %wait E_0x1a2cbe0;
    %load/v 8, v0x1a2ce50_0, 32;
    %mov 40, 0, 1;
    %load/v 41, v0x1a2cf00_0, 32;
    %mov 73, 0, 1;
    %add 8, 41, 33;
    %set/v v0x1a2cfa0_0, 8, 32;
    %set/v v0x1a2d020_0, 40, 1;
    %jmp T_6;
    .thread T_6, $push;
    .scope S_0x1a2c6e0;
T_7 ;
    %wait E_0x1a2c7d0;
    %load/v 8, v0x1a2c840_0, 1;
    %cmpi/u 8, 0, 1;
    %jmp/1 T_7.0, 6;
    %cmpi/u 8, 1, 1;
    %jmp/1 T_7.1, 6;
    %jmp T_7.2;
T_7.0 ;
    %load/v 8, v0x1a2c900_0, 32;
    %ix/load 0, 32, 0;
    %assign/v0 v0x1a2ca40_0, 0, 8;
    %jmp T_7.2;
T_7.1 ;
    %load/v 8, v0x1a2c9a0_0, 32;
    %ix/load 0, 32, 0;
    %assign/v0 v0x1a2ca40_0, 0, 8;
    %jmp T_7.2;
T_7.2 ;
    %jmp T_7;
    .thread T_7, $push;
    .scope S_0x1a0f420;
T_8 ;
    %set/v v0x1a2e820_0, 0, 32;
    %end;
    .thread T_8;
    .scope S_0x1a0f420;
T_9 ;
    %movi 8, 4, 32;
    %set/v v0x1a2e2d0_0, 8, 32;
    %end;
    .thread T_9;
    .scope S_0x1a0f420;
T_10 ;
    %wait E_0x1a2c670;
    %load/v 8, v0x1a2ea50_0, 1;
    %mov 9, 0, 2;
    %cmpi/u 8, 1, 3;
    %jmp/0xz  T_10.0, 4;
    %load/v 8, v0x1a2e8f0_0, 32;
    %ix/load 0, 32, 0;
    %assign/v0 v0x1a2e820_0, 0, 8;
T_10.0 ;
    %jmp T_10;
    .thread T_10;
    .scope S_0x1a0ec30;
T_11 ;
    %wait E_0x1a2d690;
    %load/v 8, v0x1a2eea0_0, 1;
    %jmp/0xz  T_11.0, 8;
    %load/v 8, v0x1a2eb90_0, 32;
    %ix/getv 3, v0x1a2e970_0;
    %jmp/1 t_1, 4;
    %ix/load 0, 32, 0; word width
    %ix/load 1, 0, 0; part off
    %assign/av v0x1a2ee20, 0, 8;
t_1 ;
T_11.0 ;
    %jmp T_11;
    .thread T_11, $push;
    .scope S_0x1a0e440;
T_12 ;
    %wait E_0x1a2ed50;
    %load/v 8, v0x1a2ef80_0, 1;
    %cmpi/u 8, 0, 1;
    %jmp/1 T_12.0, 6;
    %cmpi/u 8, 1, 1;
    %jmp/1 T_12.1, 6;
    %jmp T_12.2;
T_12.0 ;
    %load/v 8, v0x1a2f040_0, 32;
    %ix/load 0, 32, 0;
    %assign/v0 v0x1a2f180_0, 0, 8;
    %jmp T_12.2;
T_12.1 ;
    %load/v 8, v0x1a2f0e0_0, 32;
    %ix/load 0, 32, 0;
    %assign/v0 v0x1a2f180_0, 0, 8;
    %jmp T_12.2;
T_12.2 ;
    %jmp T_12;
    .thread T_12, $push;
    .scope S_0x1a39c80;
T_13 ;
    %wait E_0x1a309c0;
    %set/v v0x1a39e90_0, 0, 32;
    %jmp T_13;
    .thread T_13;
    .scope S_0x1a39920;
T_14 ;
    %wait E_0x1a309c0;
    %load/v 8, v0x1a39c00_0, 1;
    %mov 9, 0, 2;
    %cmpi/u 8, 1, 3;
    %jmp/0xz  T_14.0, 4;
    %load/v 8, v0x1a39ab0_0, 32;
    %set/v v0x1a39b30_0, 8, 32;
T_14.0 ;
    %jmp T_14;
    .thread T_14;
    .scope S_0x1a395c0;
T_15 ;
    %wait E_0x1a309c0;
    %load/v 8, v0x1a398a0_0, 1;
    %mov 9, 0, 2;
    %cmpi/u 8, 1, 3;
    %jmp/0xz  T_15.0, 4;
    %load/v 8, v0x1a39750_0, 32;
    %set/v v0x1a397d0_0, 8, 32;
T_15.0 ;
    %jmp T_15;
    .thread T_15;
    .scope S_0x1a39260;
T_16 ;
    %wait E_0x1a309c0;
    %load/v 8, v0x1a39540_0, 1;
    %mov 9, 0, 2;
    %cmpi/u 8, 1, 3;
    %jmp/0xz  T_16.0, 4;
    %load/v 8, v0x1a393f0_0, 32;
    %set/v v0x1a39470_0, 8, 32;
T_16.0 ;
    %jmp T_16;
    .thread T_16;
    .scope S_0x1a38f00;
T_17 ;
    %wait E_0x1a309c0;
    %load/v 8, v0x1a391e0_0, 1;
    %mov 9, 0, 2;
    %cmpi/u 8, 1, 3;
    %jmp/0xz  T_17.0, 4;
    %load/v 8, v0x1a39090_0, 32;
    %set/v v0x1a39110_0, 8, 32;
T_17.0 ;
    %jmp T_17;
    .thread T_17;
    .scope S_0x1a38ba0;
T_18 ;
    %wait E_0x1a309c0;
    %load/v 8, v0x1a38e80_0, 1;
    %mov 9, 0, 2;
    %cmpi/u 8, 1, 3;
    %jmp/0xz  T_18.0, 4;
    %load/v 8, v0x1a38d30_0, 32;
    %set/v v0x1a38db0_0, 8, 32;
T_18.0 ;
    %jmp T_18;
    .thread T_18;
    .scope S_0x1a38840;
T_19 ;
    %wait E_0x1a309c0;
    %load/v 8, v0x1a38b20_0, 1;
    %mov 9, 0, 2;
    %cmpi/u 8, 1, 3;
    %jmp/0xz  T_19.0, 4;
    %load/v 8, v0x1a389d0_0, 32;
    %set/v v0x1a38a50_0, 8, 32;
T_19.0 ;
    %jmp T_19;
    .thread T_19;
    .scope S_0x1a384e0;
T_20 ;
    %wait E_0x1a309c0;
    %load/v 8, v0x1a387c0_0, 1;
    %mov 9, 0, 2;
    %cmpi/u 8, 1, 3;
    %jmp/0xz  T_20.0, 4;
    %load/v 8, v0x1a38670_0, 32;
    %set/v v0x1a386f0_0, 8, 32;
T_20.0 ;
    %jmp T_20;
    .thread T_20;
    .scope S_0x1a38180;
T_21 ;
    %wait E_0x1a309c0;
    %load/v 8, v0x1a38460_0, 1;
    %mov 9, 0, 2;
    %cmpi/u 8, 1, 3;
    %jmp/0xz  T_21.0, 4;
    %load/v 8, v0x1a38310_0, 32;
    %set/v v0x1a38390_0, 8, 32;
T_21.0 ;
    %jmp T_21;
    .thread T_21;
    .scope S_0x1a37e20;
T_22 ;
    %wait E_0x1a309c0;
    %load/v 8, v0x1a38100_0, 1;
    %mov 9, 0, 2;
    %cmpi/u 8, 1, 3;
    %jmp/0xz  T_22.0, 4;
    %load/v 8, v0x1a37fb0_0, 32;
    %set/v v0x1a38030_0, 8, 32;
T_22.0 ;
    %jmp T_22;
    .thread T_22;
    .scope S_0x1a37ac0;
T_23 ;
    %wait E_0x1a309c0;
    %load/v 8, v0x1a37da0_0, 1;
    %mov 9, 0, 2;
    %cmpi/u 8, 1, 3;
    %jmp/0xz  T_23.0, 4;
    %load/v 8, v0x1a37c50_0, 32;
    %set/v v0x1a37cd0_0, 8, 32;
T_23.0 ;
    %jmp T_23;
    .thread T_23;
    .scope S_0x1a37760;
T_24 ;
    %wait E_0x1a309c0;
    %load/v 8, v0x1a37a40_0, 1;
    %mov 9, 0, 2;
    %cmpi/u 8, 1, 3;
    %jmp/0xz  T_24.0, 4;
    %load/v 8, v0x1a378f0_0, 32;
    %set/v v0x1a37970_0, 8, 32;
T_24.0 ;
    %jmp T_24;
    .thread T_24;
    .scope S_0x1a37400;
T_25 ;
    %wait E_0x1a309c0;
    %load/v 8, v0x1a376e0_0, 1;
    %mov 9, 0, 2;
    %cmpi/u 8, 1, 3;
    %jmp/0xz  T_25.0, 4;
    %load/v 8, v0x1a37590_0, 32;
    %set/v v0x1a37610_0, 8, 32;
T_25.0 ;
    %jmp T_25;
    .thread T_25;
    .scope S_0x1a370a0;
T_26 ;
    %wait E_0x1a309c0;
    %load/v 8, v0x1a37380_0, 1;
    %mov 9, 0, 2;
    %cmpi/u 8, 1, 3;
    %jmp/0xz  T_26.0, 4;
    %load/v 8, v0x1a37230_0, 32;
    %set/v v0x1a372b0_0, 8, 32;
T_26.0 ;
    %jmp T_26;
    .thread T_26;
    .scope S_0x1a36d60;
T_27 ;
    %wait E_0x1a309c0;
    %load/v 8, v0x1a37020_0, 1;
    %mov 9, 0, 2;
    %cmpi/u 8, 1, 3;
    %jmp/0xz  T_27.0, 4;
    %load/v 8, v0x1a36ed0_0, 32;
    %set/v v0x1a36f50_0, 8, 32;
T_27.0 ;
    %jmp T_27;
    .thread T_27;
    .scope S_0x1a367b0;
T_28 ;
    %wait E_0x1a309c0;
    %load/v 8, v0x1a34e70_0, 1;
    %mov 9, 0, 2;
    %cmpi/u 8, 1, 3;
    %jmp/0xz  T_28.0, 4;
    %load/v 8, v0x1a34d20_0, 32;
    %set/v v0x1a34da0_0, 8, 32;
T_28.0 ;
    %jmp T_28;
    .thread T_28;
    .scope S_0x1a36450;
T_29 ;
    %wait E_0x1a309c0;
    %load/v 8, v0x1a36730_0, 1;
    %mov 9, 0, 2;
    %cmpi/u 8, 1, 3;
    %jmp/0xz  T_29.0, 4;
    %load/v 8, v0x1a365e0_0, 32;
    %set/v v0x1a36660_0, 8, 32;
T_29.0 ;
    %jmp T_29;
    .thread T_29;
    .scope S_0x1a360f0;
T_30 ;
    %wait E_0x1a309c0;
    %load/v 8, v0x1a363d0_0, 1;
    %mov 9, 0, 2;
    %cmpi/u 8, 1, 3;
    %jmp/0xz  T_30.0, 4;
    %load/v 8, v0x1a36280_0, 32;
    %set/v v0x1a36300_0, 8, 32;
T_30.0 ;
    %jmp T_30;
    .thread T_30;
    .scope S_0x1a35d90;
T_31 ;
    %wait E_0x1a309c0;
    %load/v 8, v0x1a36070_0, 1;
    %mov 9, 0, 2;
    %cmpi/u 8, 1, 3;
    %jmp/0xz  T_31.0, 4;
    %load/v 8, v0x1a35f20_0, 32;
    %set/v v0x1a35fa0_0, 8, 32;
T_31.0 ;
    %jmp T_31;
    .thread T_31;
    .scope S_0x1a35a30;
T_32 ;
    %wait E_0x1a309c0;
    %load/v 8, v0x1a35d10_0, 1;
    %mov 9, 0, 2;
    %cmpi/u 8, 1, 3;
    %jmp/0xz  T_32.0, 4;
    %load/v 8, v0x1a35bc0_0, 32;
    %set/v v0x1a35c40_0, 8, 32;
T_32.0 ;
    %jmp T_32;
    .thread T_32;
    .scope S_0x1a356d0;
T_33 ;
    %wait E_0x1a309c0;
    %load/v 8, v0x1a359b0_0, 1;
    %mov 9, 0, 2;
    %cmpi/u 8, 1, 3;
    %jmp/0xz  T_33.0, 4;
    %load/v 8, v0x1a35860_0, 32;
    %set/v v0x1a358e0_0, 8, 32;
T_33.0 ;
    %jmp T_33;
    .thread T_33;
    .scope S_0x1a35370;
T_34 ;
    %wait E_0x1a309c0;
    %load/v 8, v0x1a35650_0, 1;
    %mov 9, 0, 2;
    %cmpi/u 8, 1, 3;
    %jmp/0xz  T_34.0, 4;
    %load/v 8, v0x1a35500_0, 32;
    %set/v v0x1a35580_0, 8, 32;
T_34.0 ;
    %jmp T_34;
    .thread T_34;
    .scope S_0x1a35010;
T_35 ;
    %wait E_0x1a309c0;
    %load/v 8, v0x1a352f0_0, 1;
    %mov 9, 0, 2;
    %cmpi/u 8, 1, 3;
    %jmp/0xz  T_35.0, 4;
    %load/v 8, v0x1a351a0_0, 32;
    %set/v v0x1a35220_0, 8, 32;
T_35.0 ;
    %jmp T_35;
    .thread T_35;
    .scope S_0x1a34b90;
T_36 ;
    %wait E_0x1a309c0;
    %load/v 8, v0x1a34f90_0, 1;
    %mov 9, 0, 2;
    %cmpi/u 8, 1, 3;
    %jmp/0xz  T_36.0, 4;
    %load/v 8, v0x1a33f20_0, 32;
    %set/v v0x1a34030_0, 8, 32;
T_36.0 ;
    %jmp T_36;
    .thread T_36;
    .scope S_0x1a34830;
T_37 ;
    %wait E_0x1a309c0;
    %load/v 8, v0x1a34b10_0, 1;
    %mov 9, 0, 2;
    %cmpi/u 8, 1, 3;
    %jmp/0xz  T_37.0, 4;
    %load/v 8, v0x1a349c0_0, 32;
    %set/v v0x1a34a40_0, 8, 32;
T_37.0 ;
    %jmp T_37;
    .thread T_37;
    .scope S_0x1a344d0;
T_38 ;
    %wait E_0x1a309c0;
    %load/v 8, v0x1a347b0_0, 1;
    %mov 9, 0, 2;
    %cmpi/u 8, 1, 3;
    %jmp/0xz  T_38.0, 4;
    %load/v 8, v0x1a34660_0, 32;
    %set/v v0x1a346e0_0, 8, 32;
T_38.0 ;
    %jmp T_38;
    .thread T_38;
    .scope S_0x1a341c0;
T_39 ;
    %wait E_0x1a309c0;
    %load/v 8, v0x1a34450_0, 1;
    %mov 9, 0, 2;
    %cmpi/u 8, 1, 3;
    %jmp/0xz  T_39.0, 4;
    %load/v 8, v0x1a34350_0, 32;
    %set/v v0x1a343d0_0, 8, 32;
T_39.0 ;
    %jmp T_39;
    .thread T_39;
    .scope S_0x1a33d90;
T_40 ;
    %wait E_0x1a309c0;
    %load/v 8, v0x1a34140_0, 1;
    %mov 9, 0, 2;
    %cmpi/u 8, 1, 3;
    %jmp/0xz  T_40.0, 4;
    %load/v 8, v0x1a33fb0_0, 32;
    %set/v v0x1a340c0_0, 8, 32;
T_40.0 ;
    %jmp T_40;
    .thread T_40;
    .scope S_0x1a33a50;
T_41 ;
    %wait E_0x1a309c0;
    %load/v 8, v0x1a33d10_0, 1;
    %mov 9, 0, 2;
    %cmpi/u 8, 1, 3;
    %jmp/0xz  T_41.0, 4;
    %load/v 8, v0x1a33bc0_0, 32;
    %set/v v0x1a33c40_0, 8, 32;
T_41.0 ;
    %jmp T_41;
    .thread T_41;
    .scope S_0x1a33670;
T_42 ;
    %wait E_0x1a309c0;
    %load/v 8, v0x1a339d0_0, 1;
    %mov 9, 0, 2;
    %cmpi/u 8, 1, 3;
    %jmp/0xz  T_42.0, 4;
    %load/v 8, v0x1a33830_0, 32;
    %set/v v0x1a33900_0, 8, 32;
T_42.0 ;
    %jmp T_42;
    .thread T_42;
    .scope S_0x1a332b0;
T_43 ;
    %wait E_0x1a309c0;
    %load/v 8, v0x1a335f0_0, 1;
    %mov 9, 0, 2;
    %cmpi/u 8, 1, 3;
    %jmp/0xz  T_43.0, 4;
    %load/v 8, v0x1a33470_0, 32;
    %set/v v0x1a33520_0, 8, 32;
T_43.0 ;
    %jmp T_43;
    .thread T_43;
    .scope S_0x1a32cd0;
T_44 ;
    %wait E_0x1a309c0;
    %load/v 8, v0x1a33230_0, 1;
    %mov 9, 0, 2;
    %cmpi/u 8, 1, 3;
    %jmp/0xz  T_44.0, 4;
    %load/v 8, v0x1a33110_0, 32;
    %set/v v0x1a331b0_0, 8, 32;
T_44.0 ;
    %jmp T_44;
    .thread T_44;
# The file index is used to find the file name in the following table.
:file_names 14;
    "N/A";
    "<interactive>";
    "./mux.v";
    "./control.v";
    "./dff.v";
    "./ifetch.v";
    "./memory.v";
    "./add32bit.v";
    "./mux32to1by1.v";
    "./regfile.v";
    "./decoders.v";
    "./register32zero.v";
    "./register32.v";
    "./mux32to1by32.v";
