#! /usr/bin/vvp
:ivl_version "0.9.7 " "(v0_9_7)";
:vpi_time_precision + 0;
:vpi_module "system";
:vpi_module "v2005_math";
:vpi_module "va_math";
S_0xb2b690 .scope module, "instruction_memory" "instruction_memory" 2 3;
 .timescale 0 0;
L_0xb6e870 .functor BUFZ 32, L_0xb6e780, C4<00000000000000000000000000000000>, C4<00000000000000000000000000000000>, C4<00000000000000000000000000000000>;
v0xb3cb20_0 .net "Addr", 31 0, C4<zzzzzzzzzzzzzzzzzzzzzzzzzzzzzzzz>; 0 drivers
v0xb6e390_0 .net "DataIn", 31 0, C4<zzzzzzzzzzzzzzzzzzzzzzzzzzzzzzzz>; 0 drivers
v0xb6e430_0 .net "DataOut", 31 0, L_0xb6e870; 1 drivers
v0xb6e4d0_0 .net *"_s0", 31 0, L_0xb6e780; 1 drivers
v0xb6e580_0 .net "clk", 0 0, C4<z>; 0 drivers
v0xb6e620 .array "mem", 0 60, 31 0;
v0xb6e6e0_0 .net "regWE", 0 0, C4<z>; 0 drivers
E_0xb2bfb0 .event edge, v0xb3cb20_0;
L_0xb6e780 .array/port v0xb6e620, C4<zzzzzzzzzzzzzzzzzzzzzzzzzzzzzzzz>;
    .scope S_0xb2b690;
T_0 ;
    %vpi_call 2 12 "$readmemh", "file.dat", v0xb6e620;
    %end;
    .thread T_0;
    .scope S_0xb2b690;
T_1 ;
    %wait E_0xb2bfb0;
    %load/v 8, v0xb6e6e0_0, 1;
    %jmp/0xz  T_1.0, 8;
    %load/v 8, v0xb6e390_0, 32;
    %ix/getv 3, v0xb3cb20_0;
    %jmp/1 t_0, 4;
    %ix/load 0, 32, 0; word width
    %ix/load 1, 0, 0; part off
    %assign/av v0xb6e620, 0, 8;
t_0 ;
T_1.0 ;
    %jmp T_1;
    .thread T_1, $push;
# The file index is used to find the file name in the following table.
:file_names 3;
    "N/A";
    "<interactive>";
    "memory.v";
