#! /usr/bin/vvp
:ivl_version "0.9.7 " "(v0_9_7)";
:vpi_time_precision + 0;
:vpi_module "system";
:vpi_module "v2005_math";
:vpi_module "va_math";
S_0x1f636e0 .scope module, "mux32to1by1" "mux32to1by1" 2 1;
 .timescale 0 0;
v0x1f708a0_0 .net "address", 4 0, C4<zzzzz>; 0 drivers
v0x1f8fa20_0 .net "inputs", 31 0, C4<zzzzzzzzzzzzzzzzzzzzzzzzzzzzzzzz>; 0 drivers
v0x1f8fac0_0 .net "mux", 0 0, C4<z>; 0 drivers
v0x1f8fb60_0 .net "out", 0 0, L_0x1f9c6d0; 1 drivers
L_0x1f9c6d0 .part/v C4<z>, C4<zzzzz>, 1;
S_0x1f62f70 .scope module, "regfile" "regfile" 3 15;
 .timescale 0 0;
v0x1f9ab00_0 .net "Clk", 0 0, C4<z>; 0 drivers
v0x1f97050_0 .net "ReadData1", 31 0, L_0x1fa1190; 1 drivers
v0x1f97100_0 .net "ReadData2", 31 0, L_0x1fa25a0; 1 drivers
v0x1f971b0_0 .net "ReadRegister1", 4 0, C4<zzzzz>; 0 drivers
v0x1f9afb0_0 .net "ReadRegister2", 4 0, C4<zzzzz>; 0 drivers
v0x1f9b030_0 .net "RegWrite", 0 0, C4<z>; 0 drivers
v0x1f9b0f0_0 .net "WriteData", 31 0, C4<zzzzzzzzzzzzzzzzzzzzzzzzzzzzzzzz>; 0 drivers
v0x1f97260_0 .net "WriteRegister", 4 0, C4<zzzzz>; 0 drivers
v0x1f97360_0 .net "decoder", 31 0, L_0x1f9ca80; 1 drivers
v0x1f9b580_0 .net "reg0", 31 0, v0x1f9a5a0_0; 1 drivers
v0x1f9b600_0 .net "reg1", 31 0, v0x1f9a240_0; 1 drivers
v0x1f9b680_0 .net "reg10", 31 0, v0x1f983e0_0; 1 drivers
v0x1f9b770_0 .net "reg11", 31 0, v0x1f98080_0; 1 drivers
v0x1f9b7f0_0 .net "reg12", 31 0, v0x1f97d20_0; 1 drivers
v0x1f9b8f0_0 .net "reg13", 31 0, v0x1f979c0_0; 1 drivers
v0x1f9b970_0 .net "reg14", 31 0, v0x1f97660_0; 1 drivers
v0x1f9b870_0 .net "reg15", 31 0, v0x1f954b0_0; 1 drivers
v0x1f9ba80_0 .net "reg16", 31 0, v0x1f96d70_0; 1 drivers
v0x1f9b9f0_0 .net "reg17", 31 0, v0x1f96a10_0; 1 drivers
v0x1f9bba0_0 .net "reg18", 31 0, v0x1f966b0_0; 1 drivers
v0x1f9bb00_0 .net "reg19", 31 0, v0x1f96350_0; 1 drivers
v0x1f9bcd0_0 .net "reg2", 31 0, v0x1f99ee0_0; 1 drivers
v0x1f9bc20_0 .net "reg20", 31 0, v0x1f95ff0_0; 1 drivers
v0x1f9be10_0 .net "reg21", 31 0, v0x1f95c90_0; 1 drivers
v0x1f9bd50_0 .net "reg22", 31 0, v0x1f95930_0; 1 drivers
v0x1f9bf60_0 .net "reg23", 31 0, v0x1f94740_0; 1 drivers
v0x1f9be90_0 .net "reg24", 31 0, v0x1f95150_0; 1 drivers
v0x1f9c0c0_0 .net "reg25", 31 0, v0x1f94df0_0; 1 drivers
v0x1f9bfe0_0 .net "reg26", 31 0, v0x1f94ae0_0; 1 drivers
v0x1f9c230_0 .net "reg27", 31 0, v0x1f947d0_0; 1 drivers
v0x1f9c140_0 .net "reg28", 31 0, v0x1f94350_0; 1 drivers
v0x1f9c3b0_0 .net "reg29", 31 0, v0x1f94010_0; 1 drivers
v0x1f9c2b0_0 .net "reg3", 31 0, v0x1f99b80_0; 1 drivers
v0x1f9c330_0 .net "reg30", 31 0, v0x1f93c30_0; 1 drivers
v0x1f9c550_0 .net "reg31", 31 0, v0x1f93870_0; 1 drivers
v0x1f9c5d0_0 .net "reg4", 31 0, v0x1f99820_0; 1 drivers
v0x1f9c430_0 .net "reg5", 31 0, v0x1f994c0_0; 1 drivers
v0x1f9c4b0_0 .net "reg6", 31 0, v0x1f99160_0; 1 drivers
v0x1f9c790_0 .net "reg7", 31 0, v0x1f98e00_0; 1 drivers
v0x1f9c810_0 .net "reg8", 31 0, v0x1f98aa0_0; 1 drivers
v0x1f9c650_0 .net "reg9", 31 0, v0x1f98740_0; 1 drivers
L_0x1f9cc10 .part L_0x1f9ca80, 0, 1;
L_0x1f9ccb0 .part L_0x1f9ca80, 1, 1;
L_0x1f9cde0 .part L_0x1f9ca80, 2, 1;
L_0x1f9ce80 .part L_0x1f9ca80, 3, 1;
L_0x1f9cf50 .part L_0x1f9ca80, 4, 1;
L_0x1f9d020 .part L_0x1f9ca80, 5, 1;
L_0x1f9d200 .part L_0x1f9ca80, 6, 1;
L_0x1f9d2a0 .part L_0x1f9ca80, 7, 1;
L_0x1f9d340 .part L_0x1f9ca80, 8, 1;
L_0x1f9d410 .part L_0x1f9ca80, 9, 1;
L_0x1f9d4e0 .part L_0x1f9ca80, 10, 1;
L_0x1f9d5b0 .part L_0x1f9ca80, 11, 1;
L_0x1f9d680 .part L_0x1f9ca80, 12, 1;
L_0x1f9d750 .part L_0x1f9ca80, 13, 1;
L_0x1f9da30 .part L_0x1f9ca80, 14, 1;
L_0x1f9dad0 .part L_0x1f9ca80, 15, 1;
L_0x1f9dc00 .part L_0x1f9ca80, 16, 1;
L_0x1f9dca0 .part L_0x1f9ca80, 17, 1;
L_0x1f9de10 .part L_0x1f9ca80, 18, 1;
L_0x1f9deb0 .part L_0x1f9ca80, 19, 1;
L_0x1f9dd70 .part L_0x1f9ca80, 20, 1;
L_0x1f9e000 .part L_0x1f9ca80, 21, 1;
L_0x1f9df50 .part L_0x1f9ca80, 22, 1;
L_0x1f9e1c0 .part L_0x1f9ca80, 23, 1;
L_0x1f9e0d0 .part L_0x1f9ca80, 24, 1;
L_0x1f9e390 .part L_0x1f9ca80, 25, 1;
L_0x1f9e290 .part L_0x1f9ca80, 26, 1;
L_0x1f9e540 .part L_0x1f9ca80, 27, 1;
L_0x1f9e460 .part L_0x1f9ca80, 28, 1;
L_0x1f9e700 .part L_0x1f9ca80, 29, 1;
L_0x1f9e610 .part L_0x1f9ca80, 30, 1;
L_0x1f9d920 .part L_0x1f9ca80, 31, 1;
S_0x1f9a6f0 .scope module, "dec" "decoder1to32" 3 34, 4 4, S_0x1f62f70;
 .timescale 0 0;
v0x1f9a7e0_0 .net *"_s0", 31 0, L_0x1f9c9e0; 1 drivers
v0x1f9a8a0_0 .net *"_s3", 30 0, C4<0000000000000000000000000000000>; 1 drivers
v0x1f9a940_0 .alias "address", 4 0, v0x1f97260_0;
v0x1f9a9e0_0 .alias "enable", 0 0, v0x1f9b030_0;
v0x1f9aa60_0 .alias "out", 31 0, v0x1f97360_0;
L_0x1f9c9e0 .concat [ 1 31 0 0], C4<z>, C4<0000000000000000000000000000000>;
L_0x1f9ca80 .shift/l 32, L_0x1f9c9e0, C4<zzzzz>;
S_0x1f9a390 .scope module, "r0" "register32zero" 3 35, 5 1, S_0x1f62f70;
 .timescale 0 0;
v0x1f9a480_0 .alias "clk", 0 0, v0x1f9ab00_0;
v0x1f9a520_0 .alias "d", 31 0, v0x1f9b0f0_0;
v0x1f9a5a0_0 .var "q", 31 0;
v0x1f9a670_0 .net "wrenable", 0 0, L_0x1f9cc10; 1 drivers
S_0x1f9a030 .scope module, "r1" "register32" 3 36, 6 1, S_0x1f62f70;
 .timescale 0 0;
v0x1f9a120_0 .alias "clk", 0 0, v0x1f9ab00_0;
v0x1f9a1c0_0 .alias "d", 31 0, v0x1f9b0f0_0;
v0x1f9a240_0 .var "q", 31 0;
v0x1f9a310_0 .net "wrenable", 0 0, L_0x1f9ccb0; 1 drivers
S_0x1f99cd0 .scope module, "r2" "register32" 3 37, 6 1, S_0x1f62f70;
 .timescale 0 0;
v0x1f99dc0_0 .alias "clk", 0 0, v0x1f9ab00_0;
v0x1f99e60_0 .alias "d", 31 0, v0x1f9b0f0_0;
v0x1f99ee0_0 .var "q", 31 0;
v0x1f99fb0_0 .net "wrenable", 0 0, L_0x1f9cde0; 1 drivers
S_0x1f99970 .scope module, "r3" "register32" 3 38, 6 1, S_0x1f62f70;
 .timescale 0 0;
v0x1f99a60_0 .alias "clk", 0 0, v0x1f9ab00_0;
v0x1f99b00_0 .alias "d", 31 0, v0x1f9b0f0_0;
v0x1f99b80_0 .var "q", 31 0;
v0x1f99c50_0 .net "wrenable", 0 0, L_0x1f9ce80; 1 drivers
S_0x1f99610 .scope module, "r4" "register32" 3 39, 6 1, S_0x1f62f70;
 .timescale 0 0;
v0x1f99700_0 .alias "clk", 0 0, v0x1f9ab00_0;
v0x1f997a0_0 .alias "d", 31 0, v0x1f9b0f0_0;
v0x1f99820_0 .var "q", 31 0;
v0x1f998f0_0 .net "wrenable", 0 0, L_0x1f9cf50; 1 drivers
S_0x1f992b0 .scope module, "r5" "register32" 3 40, 6 1, S_0x1f62f70;
 .timescale 0 0;
v0x1f993a0_0 .alias "clk", 0 0, v0x1f9ab00_0;
v0x1f99440_0 .alias "d", 31 0, v0x1f9b0f0_0;
v0x1f994c0_0 .var "q", 31 0;
v0x1f99590_0 .net "wrenable", 0 0, L_0x1f9d020; 1 drivers
S_0x1f98f50 .scope module, "r6" "register32" 3 41, 6 1, S_0x1f62f70;
 .timescale 0 0;
v0x1f99040_0 .alias "clk", 0 0, v0x1f9ab00_0;
v0x1f990e0_0 .alias "d", 31 0, v0x1f9b0f0_0;
v0x1f99160_0 .var "q", 31 0;
v0x1f99230_0 .net "wrenable", 0 0, L_0x1f9d200; 1 drivers
S_0x1f98bf0 .scope module, "r7" "register32" 3 42, 6 1, S_0x1f62f70;
 .timescale 0 0;
v0x1f98ce0_0 .alias "clk", 0 0, v0x1f9ab00_0;
v0x1f98d80_0 .alias "d", 31 0, v0x1f9b0f0_0;
v0x1f98e00_0 .var "q", 31 0;
v0x1f98ed0_0 .net "wrenable", 0 0, L_0x1f9d2a0; 1 drivers
S_0x1f98890 .scope module, "r8" "register32" 3 43, 6 1, S_0x1f62f70;
 .timescale 0 0;
v0x1f98980_0 .alias "clk", 0 0, v0x1f9ab00_0;
v0x1f98a20_0 .alias "d", 31 0, v0x1f9b0f0_0;
v0x1f98aa0_0 .var "q", 31 0;
v0x1f98b70_0 .net "wrenable", 0 0, L_0x1f9d340; 1 drivers
S_0x1f98530 .scope module, "r9" "register32" 3 44, 6 1, S_0x1f62f70;
 .timescale 0 0;
v0x1f98620_0 .alias "clk", 0 0, v0x1f9ab00_0;
v0x1f986c0_0 .alias "d", 31 0, v0x1f9b0f0_0;
v0x1f98740_0 .var "q", 31 0;
v0x1f98810_0 .net "wrenable", 0 0, L_0x1f9d410; 1 drivers
S_0x1f981d0 .scope module, "r10" "register32" 3 45, 6 1, S_0x1f62f70;
 .timescale 0 0;
v0x1f982c0_0 .alias "clk", 0 0, v0x1f9ab00_0;
v0x1f98360_0 .alias "d", 31 0, v0x1f9b0f0_0;
v0x1f983e0_0 .var "q", 31 0;
v0x1f984b0_0 .net "wrenable", 0 0, L_0x1f9d4e0; 1 drivers
S_0x1f97e70 .scope module, "r11" "register32" 3 46, 6 1, S_0x1f62f70;
 .timescale 0 0;
v0x1f97f60_0 .alias "clk", 0 0, v0x1f9ab00_0;
v0x1f98000_0 .alias "d", 31 0, v0x1f9b0f0_0;
v0x1f98080_0 .var "q", 31 0;
v0x1f98150_0 .net "wrenable", 0 0, L_0x1f9d5b0; 1 drivers
S_0x1f97b10 .scope module, "r12" "register32" 3 47, 6 1, S_0x1f62f70;
 .timescale 0 0;
v0x1f97c00_0 .alias "clk", 0 0, v0x1f9ab00_0;
v0x1f97ca0_0 .alias "d", 31 0, v0x1f9b0f0_0;
v0x1f97d20_0 .var "q", 31 0;
v0x1f97df0_0 .net "wrenable", 0 0, L_0x1f9d680; 1 drivers
S_0x1f977b0 .scope module, "r13" "register32" 3 48, 6 1, S_0x1f62f70;
 .timescale 0 0;
v0x1f978a0_0 .alias "clk", 0 0, v0x1f9ab00_0;
v0x1f97940_0 .alias "d", 31 0, v0x1f9b0f0_0;
v0x1f979c0_0 .var "q", 31 0;
v0x1f97a90_0 .net "wrenable", 0 0, L_0x1f9d750; 1 drivers
S_0x1f97470 .scope module, "r14" "register32" 3 49, 6 1, S_0x1f62f70;
 .timescale 0 0;
v0x1f97560_0 .alias "clk", 0 0, v0x1f9ab00_0;
v0x1f975e0_0 .alias "d", 31 0, v0x1f9b0f0_0;
v0x1f97660_0 .var "q", 31 0;
v0x1f97730_0 .net "wrenable", 0 0, L_0x1f9da30; 1 drivers
S_0x1f96ec0 .scope module, "r15" "register32" 3 50, 6 1, S_0x1f62f70;
 .timescale 0 0;
v0x1f96fb0_0 .alias "clk", 0 0, v0x1f9ab00_0;
v0x1f95430_0 .alias "d", 31 0, v0x1f9b0f0_0;
v0x1f954b0_0 .var "q", 31 0;
v0x1f95580_0 .net "wrenable", 0 0, L_0x1f9dad0; 1 drivers
S_0x1f96b60 .scope module, "r16" "register32" 3 51, 6 1, S_0x1f62f70;
 .timescale 0 0;
v0x1f96c50_0 .alias "clk", 0 0, v0x1f9ab00_0;
v0x1f96cf0_0 .alias "d", 31 0, v0x1f9b0f0_0;
v0x1f96d70_0 .var "q", 31 0;
v0x1f96e40_0 .net "wrenable", 0 0, L_0x1f9dc00; 1 drivers
S_0x1f96800 .scope module, "r17" "register32" 3 52, 6 1, S_0x1f62f70;
 .timescale 0 0;
v0x1f968f0_0 .alias "clk", 0 0, v0x1f9ab00_0;
v0x1f96990_0 .alias "d", 31 0, v0x1f9b0f0_0;
v0x1f96a10_0 .var "q", 31 0;
v0x1f96ae0_0 .net "wrenable", 0 0, L_0x1f9dca0; 1 drivers
S_0x1f964a0 .scope module, "r18" "register32" 3 53, 6 1, S_0x1f62f70;
 .timescale 0 0;
v0x1f96590_0 .alias "clk", 0 0, v0x1f9ab00_0;
v0x1f96630_0 .alias "d", 31 0, v0x1f9b0f0_0;
v0x1f966b0_0 .var "q", 31 0;
v0x1f96780_0 .net "wrenable", 0 0, L_0x1f9de10; 1 drivers
S_0x1f96140 .scope module, "r19" "register32" 3 54, 6 1, S_0x1f62f70;
 .timescale 0 0;
v0x1f96230_0 .alias "clk", 0 0, v0x1f9ab00_0;
v0x1f962d0_0 .alias "d", 31 0, v0x1f9b0f0_0;
v0x1f96350_0 .var "q", 31 0;
v0x1f96420_0 .net "wrenable", 0 0, L_0x1f9deb0; 1 drivers
S_0x1f95de0 .scope module, "r20" "register32" 3 55, 6 1, S_0x1f62f70;
 .timescale 0 0;
v0x1f95ed0_0 .alias "clk", 0 0, v0x1f9ab00_0;
v0x1f95f70_0 .alias "d", 31 0, v0x1f9b0f0_0;
v0x1f95ff0_0 .var "q", 31 0;
v0x1f960c0_0 .net "wrenable", 0 0, L_0x1f9dd70; 1 drivers
S_0x1f95a80 .scope module, "r21" "register32" 3 56, 6 1, S_0x1f62f70;
 .timescale 0 0;
v0x1f95b70_0 .alias "clk", 0 0, v0x1f9ab00_0;
v0x1f95c10_0 .alias "d", 31 0, v0x1f9b0f0_0;
v0x1f95c90_0 .var "q", 31 0;
v0x1f95d60_0 .net "wrenable", 0 0, L_0x1f9e000; 1 drivers
S_0x1f95720 .scope module, "r22" "register32" 3 57, 6 1, S_0x1f62f70;
 .timescale 0 0;
v0x1f95810_0 .alias "clk", 0 0, v0x1f9ab00_0;
v0x1f958b0_0 .alias "d", 31 0, v0x1f9b0f0_0;
v0x1f95930_0 .var "q", 31 0;
v0x1f95a00_0 .net "wrenable", 0 0, L_0x1f9df50; 1 drivers
S_0x1f952a0 .scope module, "r23" "register32" 3 58, 6 1, S_0x1f62f70;
 .timescale 0 0;
v0x1f95390_0 .alias "clk", 0 0, v0x1f9ab00_0;
v0x1f94630_0 .alias "d", 31 0, v0x1f9b0f0_0;
v0x1f94740_0 .var "q", 31 0;
v0x1f956a0_0 .net "wrenable", 0 0, L_0x1f9e1c0; 1 drivers
S_0x1f94f40 .scope module, "r24" "register32" 3 59, 6 1, S_0x1f62f70;
 .timescale 0 0;
v0x1f95030_0 .alias "clk", 0 0, v0x1f9ab00_0;
v0x1f950d0_0 .alias "d", 31 0, v0x1f9b0f0_0;
v0x1f95150_0 .var "q", 31 0;
v0x1f95220_0 .net "wrenable", 0 0, L_0x1f9e0d0; 1 drivers
S_0x1f94be0 .scope module, "r25" "register32" 3 60, 6 1, S_0x1f62f70;
 .timescale 0 0;
v0x1f94cd0_0 .alias "clk", 0 0, v0x1f9ab00_0;
v0x1f94d70_0 .alias "d", 31 0, v0x1f9b0f0_0;
v0x1f94df0_0 .var "q", 31 0;
v0x1f94ec0_0 .net "wrenable", 0 0, L_0x1f9e390; 1 drivers
S_0x1f948d0 .scope module, "r26" "register32" 3 61, 6 1, S_0x1f62f70;
 .timescale 0 0;
v0x1f949c0_0 .alias "clk", 0 0, v0x1f9ab00_0;
v0x1f94a60_0 .alias "d", 31 0, v0x1f9b0f0_0;
v0x1f94ae0_0 .var "q", 31 0;
v0x1f94b60_0 .net "wrenable", 0 0, L_0x1f9e290; 1 drivers
S_0x1f944a0 .scope module, "r27" "register32" 3 62, 6 1, S_0x1f62f70;
 .timescale 0 0;
v0x1f94590_0 .alias "clk", 0 0, v0x1f9ab00_0;
v0x1f946c0_0 .alias "d", 31 0, v0x1f9b0f0_0;
v0x1f947d0_0 .var "q", 31 0;
v0x1f94850_0 .net "wrenable", 0 0, L_0x1f9e540; 1 drivers
S_0x1f94160 .scope module, "r28" "register32" 3 63, 6 1, S_0x1f62f70;
 .timescale 0 0;
v0x1f94250_0 .alias "clk", 0 0, v0x1f9ab00_0;
v0x1f942d0_0 .alias "d", 31 0, v0x1f9b0f0_0;
v0x1f94350_0 .var "q", 31 0;
v0x1f94420_0 .net "wrenable", 0 0, L_0x1f9e460; 1 drivers
S_0x1f93d80 .scope module, "r29" "register32" 3 64, 6 1, S_0x1f62f70;
 .timescale 0 0;
v0x1f93e70_0 .alias "clk", 0 0, v0x1f9ab00_0;
v0x1f93f40_0 .alias "d", 31 0, v0x1f9b0f0_0;
v0x1f94010_0 .var "q", 31 0;
v0x1f940e0_0 .net "wrenable", 0 0, L_0x1f9e700; 1 drivers
S_0x1f939c0 .scope module, "r30" "register32" 3 65, 6 1, S_0x1f62f70;
 .timescale 0 0;
v0x1f93ab0_0 .alias "clk", 0 0, v0x1f9ab00_0;
v0x1f93b80_0 .alias "d", 31 0, v0x1f9b0f0_0;
v0x1f93c30_0 .var "q", 31 0;
v0x1f93d00_0 .net "wrenable", 0 0, L_0x1f9e610; 1 drivers
S_0x1f931d0 .scope module, "r31" "register32" 3 66, 6 1, S_0x1f62f70;
 .timescale 0 0;
v0x1f93710_0 .alias "clk", 0 0, v0x1f9ab00_0;
v0x1f937d0_0 .alias "d", 31 0, v0x1f9b0f0_0;
v0x1f93870_0 .var "q", 31 0;
v0x1f93940_0 .net "wrenable", 0 0, L_0x1f9d920; 1 drivers
E_0x1f911c0 .event posedge, v0x1f93710_0;
S_0x1f915a0 .scope module, "mux1" "mux32to1by32" 3 68, 7 1, S_0x1f62f70;
 .timescale 0 0;
L_0x1f97410 .functor BUFZ 32, v0x1f9a5a0_0, C4<00000000000000000000000000000000>, C4<00000000000000000000000000000000>, C4<00000000000000000000000000000000>;
L_0x1f9b700 .functor BUFZ 32, v0x1f9a240_0, C4<00000000000000000000000000000000>, C4<00000000000000000000000000000000>, C4<00000000000000000000000000000000>;
L_0x1f9d8b0 .functor BUFZ 32, v0x1f99ee0_0, C4<00000000000000000000000000000000>, C4<00000000000000000000000000000000>, C4<00000000000000000000000000000000>;
L_0x1f9d0f0 .functor BUFZ 32, v0x1f99b80_0, C4<00000000000000000000000000000000>, C4<00000000000000000000000000000000>, C4<00000000000000000000000000000000>;
L_0x1f9ef00 .functor BUFZ 32, v0x1f99820_0, C4<00000000000000000000000000000000>, C4<00000000000000000000000000000000>, C4<00000000000000000000000000000000>;
L_0x1f9f020 .functor BUFZ 32, v0x1f994c0_0, C4<00000000000000000000000000000000>, C4<00000000000000000000000000000000>, C4<00000000000000000000000000000000>;
L_0x1f9f180 .functor BUFZ 32, v0x1f99160_0, C4<00000000000000000000000000000000>, C4<00000000000000000000000000000000>, C4<00000000000000000000000000000000>;
L_0x1f9f270 .functor BUFZ 32, v0x1f98e00_0, C4<00000000000000000000000000000000>, C4<00000000000000000000000000000000>, C4<00000000000000000000000000000000>;
L_0x1f9f390 .functor BUFZ 32, v0x1f98aa0_0, C4<00000000000000000000000000000000>, C4<00000000000000000000000000000000>, C4<00000000000000000000000000000000>;
L_0x1f9f4b0 .functor BUFZ 32, v0x1f98740_0, C4<00000000000000000000000000000000>, C4<00000000000000000000000000000000>, C4<00000000000000000000000000000000>;
L_0x1f9f630 .functor BUFZ 32, v0x1f983e0_0, C4<00000000000000000000000000000000>, C4<00000000000000000000000000000000>, C4<00000000000000000000000000000000>;
L_0x1f9f750 .functor BUFZ 32, v0x1f98080_0, C4<00000000000000000000000000000000>, C4<00000000000000000000000000000000>, C4<00000000000000000000000000000000>;
L_0x1f9f5d0 .functor BUFZ 32, v0x1f97d20_0, C4<00000000000000000000000000000000>, C4<00000000000000000000000000000000>, C4<00000000000000000000000000000000>;
L_0x1f9f9a0 .functor BUFZ 32, v0x1f979c0_0, C4<00000000000000000000000000000000>, C4<00000000000000000000000000000000>, C4<00000000000000000000000000000000>;
L_0x1f9fb40 .functor BUFZ 32, v0x1f97660_0, C4<00000000000000000000000000000000>, C4<00000000000000000000000000000000>, C4<00000000000000000000000000000000>;
L_0x1f9fc60 .functor BUFZ 32, v0x1f954b0_0, C4<00000000000000000000000000000000>, C4<00000000000000000000000000000000>, C4<00000000000000000000000000000000>;
L_0x1f9fe10 .functor BUFZ 32, v0x1f96d70_0, C4<00000000000000000000000000000000>, C4<00000000000000000000000000000000>, C4<00000000000000000000000000000000>;
L_0x1f9ff30 .functor BUFZ 32, v0x1f96a10_0, C4<00000000000000000000000000000000>, C4<00000000000000000000000000000000>, C4<00000000000000000000000000000000>;
L_0x1f9fd80 .functor BUFZ 32, v0x1f966b0_0, C4<00000000000000000000000000000000>, C4<00000000000000000000000000000000>, C4<00000000000000000000000000000000>;
L_0x1fa0180 .functor BUFZ 32, v0x1f96350_0, C4<00000000000000000000000000000000>, C4<00000000000000000000000000000000>, C4<00000000000000000000000000000000>;
L_0x1fa0050 .functor BUFZ 32, v0x1f95ff0_0, C4<00000000000000000000000000000000>, C4<00000000000000000000000000000000>, C4<00000000000000000000000000000000>;
L_0x1fa03e0 .functor BUFZ 32, v0x1f95c90_0, C4<00000000000000000000000000000000>, C4<00000000000000000000000000000000>, C4<00000000000000000000000000000000>;
L_0x1fa02a0 .functor BUFZ 32, v0x1f95930_0, C4<00000000000000000000000000000000>, C4<00000000000000000000000000000000>, C4<00000000000000000000000000000000>;
L_0x1fa0650 .functor BUFZ 32, v0x1f94740_0, C4<00000000000000000000000000000000>, C4<00000000000000000000000000000000>, C4<00000000000000000000000000000000>;
L_0x1fa0500 .functor BUFZ 32, v0x1f95150_0, C4<00000000000000000000000000000000>, C4<00000000000000000000000000000000>, C4<00000000000000000000000000000000>;
L_0x1fa08a0 .functor BUFZ 32, v0x1f94df0_0, C4<00000000000000000000000000000000>, C4<00000000000000000000000000000000>, C4<00000000000000000000000000000000>;
L_0x1fa0740 .functor BUFZ 32, v0x1f94ae0_0, C4<00000000000000000000000000000000>, C4<00000000000000000000000000000000>, C4<00000000000000000000000000000000>;
L_0x1fa07a0 .functor BUFZ 32, v0x1f947d0_0, C4<00000000000000000000000000000000>, C4<00000000000000000000000000000000>, C4<00000000000000000000000000000000>;
L_0x1fa0990 .functor BUFZ 32, v0x1f94350_0, C4<00000000000000000000000000000000>, C4<00000000000000000000000000000000>, C4<00000000000000000000000000000000>;
L_0x1fa0d40 .functor BUFZ 32, v0x1f94010_0, C4<00000000000000000000000000000000>, C4<00000000000000000000000000000000>, C4<00000000000000000000000000000000>;
L_0x1fa0bc0 .functor BUFZ 32, v0x1f93c30_0, C4<00000000000000000000000000000000>, C4<00000000000000000000000000000000>, C4<00000000000000000000000000000000>;
L_0x1fa0c50 .functor BUFZ 32, v0x1f93870_0, C4<00000000000000000000000000000000>, C4<00000000000000000000000000000000>, C4<00000000000000000000000000000000>;
L_0x1fa1190 .functor BUFZ 32, L_0x1fa0e30, C4<00000000000000000000000000000000>, C4<00000000000000000000000000000000>, C4<00000000000000000000000000000000>;
v0x1f91c80_0 .net *"_s96", 31 0, L_0x1fa0e30; 1 drivers
v0x1f91d40_0 .alias "address", 4 0, v0x1f971b0_0;
v0x1f91de0_0 .alias "input0", 31 0, v0x1f9b580_0;
v0x1f91e60_0 .alias "input1", 31 0, v0x1f9b600_0;
v0x1f91f40_0 .alias "input10", 31 0, v0x1f9b680_0;
v0x1f91ff0_0 .alias "input11", 31 0, v0x1f9b770_0;
v0x1f92070_0 .alias "input12", 31 0, v0x1f9b7f0_0;
v0x1f92120_0 .alias "input13", 31 0, v0x1f9b8f0_0;
v0x1f921d0_0 .alias "input14", 31 0, v0x1f9b970_0;
v0x1f92280_0 .alias "input15", 31 0, v0x1f9b870_0;
v0x1f92330_0 .alias "input16", 31 0, v0x1f9ba80_0;
v0x1f923e0_0 .alias "input17", 31 0, v0x1f9b9f0_0;
v0x1f92490_0 .alias "input18", 31 0, v0x1f9bba0_0;
v0x1f92540_0 .alias "input19", 31 0, v0x1f9bb00_0;
v0x1f92670_0 .alias "input2", 31 0, v0x1f9bcd0_0;
v0x1f92720_0 .alias "input20", 31 0, v0x1f9bc20_0;
v0x1f925c0_0 .alias "input21", 31 0, v0x1f9be10_0;
v0x1f92890_0 .alias "input22", 31 0, v0x1f9bd50_0;
v0x1f929b0_0 .alias "input23", 31 0, v0x1f9bf60_0;
v0x1f92a30_0 .alias "input24", 31 0, v0x1f9be90_0;
v0x1f92910_0 .alias "input25", 31 0, v0x1f9c0c0_0;
v0x1f92b90_0 .alias "input26", 31 0, v0x1f9bfe0_0;
v0x1f92ae0_0 .alias "input27", 31 0, v0x1f9c230_0;
v0x1f92cd0_0 .alias "input28", 31 0, v0x1f9c140_0;
v0x1f92c10_0 .alias "input29", 31 0, v0x1f9c3b0_0;
v0x1f92e20_0 .alias "input3", 31 0, v0x1f9c2b0_0;
v0x1f92d80_0 .alias "input30", 31 0, v0x1f9c330_0;
v0x1f903e0_0 .alias "input31", 31 0, v0x1f9c550_0;
v0x1f90580_0 .alias "input4", 31 0, v0x1f9c5d0_0;
v0x1f92ea0_0 .alias "input5", 31 0, v0x1f9c430_0;
v0x1f930b0_0 .alias "input6", 31 0, v0x1f9c4b0_0;
v0x1f93130_0 .alias "input7", 31 0, v0x1f9c790_0;
v0x1f92fb0_0 .alias "input8", 31 0, v0x1f9c810_0;
v0x1f93030_0 .alias "input9", 31 0, v0x1f9c650_0;
v0x1f932d0 .array "mux", 0 31;
v0x1f932d0_0 .net v0x1f932d0 0, 31 0, L_0x1f97410; 1 drivers
v0x1f932d0_1 .net v0x1f932d0 1, 31 0, L_0x1f9b700; 1 drivers
v0x1f932d0_2 .net v0x1f932d0 2, 31 0, L_0x1f9d8b0; 1 drivers
v0x1f932d0_3 .net v0x1f932d0 3, 31 0, L_0x1f9d0f0; 1 drivers
v0x1f932d0_4 .net v0x1f932d0 4, 31 0, L_0x1f9ef00; 1 drivers
v0x1f932d0_5 .net v0x1f932d0 5, 31 0, L_0x1f9f020; 1 drivers
v0x1f932d0_6 .net v0x1f932d0 6, 31 0, L_0x1f9f180; 1 drivers
v0x1f932d0_7 .net v0x1f932d0 7, 31 0, L_0x1f9f270; 1 drivers
v0x1f932d0_8 .net v0x1f932d0 8, 31 0, L_0x1f9f390; 1 drivers
v0x1f932d0_9 .net v0x1f932d0 9, 31 0, L_0x1f9f4b0; 1 drivers
v0x1f932d0_10 .net v0x1f932d0 10, 31 0, L_0x1f9f630; 1 drivers
v0x1f932d0_11 .net v0x1f932d0 11, 31 0, L_0x1f9f750; 1 drivers
v0x1f932d0_12 .net v0x1f932d0 12, 31 0, L_0x1f9f5d0; 1 drivers
v0x1f932d0_13 .net v0x1f932d0 13, 31 0, L_0x1f9f9a0; 1 drivers
v0x1f932d0_14 .net v0x1f932d0 14, 31 0, L_0x1f9fb40; 1 drivers
v0x1f932d0_15 .net v0x1f932d0 15, 31 0, L_0x1f9fc60; 1 drivers
v0x1f932d0_16 .net v0x1f932d0 16, 31 0, L_0x1f9fe10; 1 drivers
v0x1f932d0_17 .net v0x1f932d0 17, 31 0, L_0x1f9ff30; 1 drivers
v0x1f932d0_18 .net v0x1f932d0 18, 31 0, L_0x1f9fd80; 1 drivers
v0x1f932d0_19 .net v0x1f932d0 19, 31 0, L_0x1fa0180; 1 drivers
v0x1f932d0_20 .net v0x1f932d0 20, 31 0, L_0x1fa0050; 1 drivers
v0x1f932d0_21 .net v0x1f932d0 21, 31 0, L_0x1fa03e0; 1 drivers
v0x1f932d0_22 .net v0x1f932d0 22, 31 0, L_0x1fa02a0; 1 drivers
v0x1f932d0_23 .net v0x1f932d0 23, 31 0, L_0x1fa0650; 1 drivers
v0x1f932d0_24 .net v0x1f932d0 24, 31 0, L_0x1fa0500; 1 drivers
v0x1f932d0_25 .net v0x1f932d0 25, 31 0, L_0x1fa08a0; 1 drivers
v0x1f932d0_26 .net v0x1f932d0 26, 31 0, L_0x1fa0740; 1 drivers
v0x1f932d0_27 .net v0x1f932d0 27, 31 0, L_0x1fa07a0; 1 drivers
v0x1f932d0_28 .net v0x1f932d0 28, 31 0, L_0x1fa0990; 1 drivers
v0x1f932d0_29 .net v0x1f932d0 29, 31 0, L_0x1fa0d40; 1 drivers
v0x1f932d0_30 .net v0x1f932d0 30, 31 0, L_0x1fa0bc0; 1 drivers
v0x1f932d0_31 .net v0x1f932d0 31, 31 0, L_0x1fa0c50; 1 drivers
v0x1f93520_0 .alias "out", 31 0, v0x1f97050_0;
L_0x1fa0e30 .array/port v0x1f932d0, C4<zzzzz>;
S_0x1f8fc10 .scope module, "mux2" "mux32to1by32" 3 69, 7 1, S_0x1f62f70;
 .timescale 0 0;
L_0x1fa11f0 .functor BUFZ 32, v0x1f9a5a0_0, C4<00000000000000000000000000000000>, C4<00000000000000000000000000000000>, C4<00000000000000000000000000000000>;
L_0x1fa1250 .functor BUFZ 32, v0x1f9a240_0, C4<00000000000000000000000000000000>, C4<00000000000000000000000000000000>, C4<00000000000000000000000000000000>;
L_0x1fa12b0 .functor BUFZ 32, v0x1f99ee0_0, C4<00000000000000000000000000000000>, C4<00000000000000000000000000000000>, C4<00000000000000000000000000000000>;
L_0x1fa1310 .functor BUFZ 32, v0x1f99b80_0, C4<00000000000000000000000000000000>, C4<00000000000000000000000000000000>, C4<00000000000000000000000000000000>;
L_0x1fa13d0 .functor BUFZ 32, v0x1f99820_0, C4<00000000000000000000000000000000>, C4<00000000000000000000000000000000>, C4<00000000000000000000000000000000>;
L_0x1fa1460 .functor BUFZ 32, v0x1f994c0_0, C4<00000000000000000000000000000000>, C4<00000000000000000000000000000000>, C4<00000000000000000000000000000000>;
L_0x1fa14f0 .functor BUFZ 32, v0x1f99160_0, C4<00000000000000000000000000000000>, C4<00000000000000000000000000000000>, C4<00000000000000000000000000000000>;
L_0x1fa1550 .functor BUFZ 32, v0x1f98e00_0, C4<00000000000000000000000000000000>, C4<00000000000000000000000000000000>, C4<00000000000000000000000000000000>;
L_0x1fa15b0 .functor BUFZ 32, v0x1f98aa0_0, C4<00000000000000000000000000000000>, C4<00000000000000000000000000000000>, C4<00000000000000000000000000000000>;
L_0x1fa1640 .functor BUFZ 32, v0x1f98740_0, C4<00000000000000000000000000000000>, C4<00000000000000000000000000000000>, C4<00000000000000000000000000000000>;
L_0x1fa1730 .functor BUFZ 32, v0x1f983e0_0, C4<00000000000000000000000000000000>, C4<00000000000000000000000000000000>, C4<00000000000000000000000000000000>;
L_0x1fa17c0 .functor BUFZ 32, v0x1f98080_0, C4<00000000000000000000000000000000>, C4<00000000000000000000000000000000>, C4<00000000000000000000000000000000>;
L_0x1fa16d0 .functor BUFZ 32, v0x1f97d20_0, C4<00000000000000000000000000000000>, C4<00000000000000000000000000000000>, C4<00000000000000000000000000000000>;
L_0x1fa1880 .functor BUFZ 32, v0x1f979c0_0, C4<00000000000000000000000000000000>, C4<00000000000000000000000000000000>, C4<00000000000000000000000000000000>;
L_0x1fa1910 .functor BUFZ 32, v0x1f97660_0, C4<00000000000000000000000000000000>, C4<00000000000000000000000000000000>, C4<00000000000000000000000000000000>;
L_0x1fa19a0 .functor BUFZ 32, v0x1f954b0_0, C4<00000000000000000000000000000000>, C4<00000000000000000000000000000000>, C4<00000000000000000000000000000000>;
L_0x1fa1ac0 .functor BUFZ 32, v0x1f96d70_0, C4<00000000000000000000000000000000>, C4<00000000000000000000000000000000>, C4<00000000000000000000000000000000>;
L_0x1fa1b50 .functor BUFZ 32, v0x1f96a10_0, C4<00000000000000000000000000000000>, C4<00000000000000000000000000000000>, C4<00000000000000000000000000000000>;
L_0x1fa1a30 .functor BUFZ 32, v0x1f966b0_0, C4<00000000000000000000000000000000>, C4<00000000000000000000000000000000>, C4<00000000000000000000000000000000>;
L_0x1fa1c80 .functor BUFZ 32, v0x1f96350_0, C4<00000000000000000000000000000000>, C4<00000000000000000000000000000000>, C4<00000000000000000000000000000000>;
L_0x1fa1be0 .functor BUFZ 32, v0x1f95ff0_0, C4<00000000000000000000000000000000>, C4<00000000000000000000000000000000>, C4<00000000000000000000000000000000>;
L_0x1fa1dc0 .functor BUFZ 32, v0x1f95c90_0, C4<00000000000000000000000000000000>, C4<00000000000000000000000000000000>, C4<00000000000000000000000000000000>;
L_0x1fa1d10 .functor BUFZ 32, v0x1f95930_0, C4<00000000000000000000000000000000>, C4<00000000000000000000000000000000>, C4<00000000000000000000000000000000>;
L_0x1fa1f10 .functor BUFZ 32, v0x1f94740_0, C4<00000000000000000000000000000000>, C4<00000000000000000000000000000000>, C4<00000000000000000000000000000000>;
L_0x1fa1e50 .functor BUFZ 32, v0x1f95150_0, C4<00000000000000000000000000000000>, C4<00000000000000000000000000000000>, C4<00000000000000000000000000000000>;
L_0x1fa2070 .functor BUFZ 32, v0x1f94df0_0, C4<00000000000000000000000000000000>, C4<00000000000000000000000000000000>, C4<00000000000000000000000000000000>;
L_0x1fa1fa0 .functor BUFZ 32, v0x1f94ae0_0, C4<00000000000000000000000000000000>, C4<00000000000000000000000000000000>, C4<00000000000000000000000000000000>;
L_0x1fa21b0 .functor BUFZ 32, v0x1f947d0_0, C4<00000000000000000000000000000000>, C4<00000000000000000000000000000000>, C4<00000000000000000000000000000000>;
L_0x1fa20d0 .functor BUFZ 32, v0x1f94350_0, C4<00000000000000000000000000000000>, C4<00000000000000000000000000000000>, C4<00000000000000000000000000000000>;
L_0x1fa2300 .functor BUFZ 32, v0x1f94010_0, C4<00000000000000000000000000000000>, C4<00000000000000000000000000000000>, C4<00000000000000000000000000000000>;
L_0x1fa2210 .functor BUFZ 32, v0x1f93c30_0, C4<00000000000000000000000000000000>, C4<00000000000000000000000000000000>, C4<00000000000000000000000000000000>;
L_0x1fa22a0 .functor BUFZ 32, v0x1f93870_0, C4<00000000000000000000000000000000>, C4<00000000000000000000000000000000>, C4<00000000000000000000000000000000>;
L_0x1fa25a0 .functor BUFZ 32, L_0x1fa2360, C4<00000000000000000000000000000000>, C4<00000000000000000000000000000000>, C4<00000000000000000000000000000000>;
v0x1f8fd00_0 .net *"_s96", 31 0, L_0x1fa2360; 1 drivers
v0x1f8fdc0_0 .alias "address", 4 0, v0x1f9afb0_0;
v0x1f8fe60_0 .alias "input0", 31 0, v0x1f9b580_0;
v0x1f8ff00_0 .alias "input1", 31 0, v0x1f9b600_0;
v0x1f8ffb0_0 .alias "input10", 31 0, v0x1f9b680_0;
v0x1f90050_0 .alias "input11", 31 0, v0x1f9b770_0;
v0x1f90130_0 .alias "input12", 31 0, v0x1f9b7f0_0;
v0x1f901d0_0 .alias "input13", 31 0, v0x1f9b8f0_0;
v0x1f902c0_0 .alias "input14", 31 0, v0x1f9b970_0;
v0x1f90360_0 .alias "input15", 31 0, v0x1f9b870_0;
v0x1f90460_0 .alias "input16", 31 0, v0x1f9ba80_0;
v0x1f90500_0 .alias "input17", 31 0, v0x1f9b9f0_0;
v0x1f90610_0 .alias "input18", 31 0, v0x1f9bba0_0;
v0x1f906b0_0 .alias "input19", 31 0, v0x1f9bb00_0;
v0x1f907d0_0 .alias "input2", 31 0, v0x1f9bcd0_0;
v0x1f90870_0 .alias "input20", 31 0, v0x1f9bc20_0;
v0x1f90730_0 .alias "input21", 31 0, v0x1f9be10_0;
v0x1f909c0_0 .alias "input22", 31 0, v0x1f9bd50_0;
v0x1f90ae0_0 .alias "input23", 31 0, v0x1f9bf60_0;
v0x1f90b60_0 .alias "input24", 31 0, v0x1f9be90_0;
v0x1f90a40_0 .alias "input25", 31 0, v0x1f9c0c0_0;
v0x1f90c90_0 .alias "input26", 31 0, v0x1f9bfe0_0;
v0x1f90be0_0 .alias "input27", 31 0, v0x1f9c230_0;
v0x1f90dd0_0 .alias "input28", 31 0, v0x1f9c140_0;
v0x1f90d30_0 .alias "input29", 31 0, v0x1f9c3b0_0;
v0x1f90f20_0 .alias "input3", 31 0, v0x1f9c2b0_0;
v0x1f90e70_0 .alias "input30", 31 0, v0x1f9c330_0;
v0x1f91080_0 .alias "input31", 31 0, v0x1f9c550_0;
v0x1f90fc0_0 .alias "input4", 31 0, v0x1f9c5d0_0;
v0x1f911f0_0 .alias "input5", 31 0, v0x1f9c430_0;
v0x1f91100_0 .alias "input6", 31 0, v0x1f9c4b0_0;
v0x1f91370_0 .alias "input7", 31 0, v0x1f9c790_0;
v0x1f91270_0 .alias "input8", 31 0, v0x1f9c810_0;
v0x1f91500_0 .alias "input9", 31 0, v0x1f9c650_0;
v0x1f913f0 .array "mux", 0 31;
v0x1f913f0_0 .net v0x1f913f0 0, 31 0, L_0x1fa11f0; 1 drivers
v0x1f913f0_1 .net v0x1f913f0 1, 31 0, L_0x1fa1250; 1 drivers
v0x1f913f0_2 .net v0x1f913f0 2, 31 0, L_0x1fa12b0; 1 drivers
v0x1f913f0_3 .net v0x1f913f0 3, 31 0, L_0x1fa1310; 1 drivers
v0x1f913f0_4 .net v0x1f913f0 4, 31 0, L_0x1fa13d0; 1 drivers
v0x1f913f0_5 .net v0x1f913f0 5, 31 0, L_0x1fa1460; 1 drivers
v0x1f913f0_6 .net v0x1f913f0 6, 31 0, L_0x1fa14f0; 1 drivers
v0x1f913f0_7 .net v0x1f913f0 7, 31 0, L_0x1fa1550; 1 drivers
v0x1f913f0_8 .net v0x1f913f0 8, 31 0, L_0x1fa15b0; 1 drivers
v0x1f913f0_9 .net v0x1f913f0 9, 31 0, L_0x1fa1640; 1 drivers
v0x1f913f0_10 .net v0x1f913f0 10, 31 0, L_0x1fa1730; 1 drivers
v0x1f913f0_11 .net v0x1f913f0 11, 31 0, L_0x1fa17c0; 1 drivers
v0x1f913f0_12 .net v0x1f913f0 12, 31 0, L_0x1fa16d0; 1 drivers
v0x1f913f0_13 .net v0x1f913f0 13, 31 0, L_0x1fa1880; 1 drivers
v0x1f913f0_14 .net v0x1f913f0 14, 31 0, L_0x1fa1910; 1 drivers
v0x1f913f0_15 .net v0x1f913f0 15, 31 0, L_0x1fa19a0; 1 drivers
v0x1f913f0_16 .net v0x1f913f0 16, 31 0, L_0x1fa1ac0; 1 drivers
v0x1f913f0_17 .net v0x1f913f0 17, 31 0, L_0x1fa1b50; 1 drivers
v0x1f913f0_18 .net v0x1f913f0 18, 31 0, L_0x1fa1a30; 1 drivers
v0x1f913f0_19 .net v0x1f913f0 19, 31 0, L_0x1fa1c80; 1 drivers
v0x1f913f0_20 .net v0x1f913f0 20, 31 0, L_0x1fa1be0; 1 drivers
v0x1f913f0_21 .net v0x1f913f0 21, 31 0, L_0x1fa1dc0; 1 drivers
v0x1f913f0_22 .net v0x1f913f0 22, 31 0, L_0x1fa1d10; 1 drivers
v0x1f913f0_23 .net v0x1f913f0 23, 31 0, L_0x1fa1f10; 1 drivers
v0x1f913f0_24 .net v0x1f913f0 24, 31 0, L_0x1fa1e50; 1 drivers
v0x1f913f0_25 .net v0x1f913f0 25, 31 0, L_0x1fa2070; 1 drivers
v0x1f913f0_26 .net v0x1f913f0 26, 31 0, L_0x1fa1fa0; 1 drivers
v0x1f913f0_27 .net v0x1f913f0 27, 31 0, L_0x1fa21b0; 1 drivers
v0x1f913f0_28 .net v0x1f913f0 28, 31 0, L_0x1fa20d0; 1 drivers
v0x1f913f0_29 .net v0x1f913f0 29, 31 0, L_0x1fa2300; 1 drivers
v0x1f913f0_30 .net v0x1f913f0 30, 31 0, L_0x1fa2210; 1 drivers
v0x1f913f0_31 .net v0x1f913f0 31, 31 0, L_0x1fa22a0; 1 drivers
v0x1f91ad0_0 .alias "out", 31 0, v0x1f97100_0;
L_0x1fa2360 .array/port v0x1f913f0, C4<zzzzz>;
    .scope S_0x1f9a390;
T_0 ;
    %wait E_0x1f911c0;
    %set/v v0x1f9a5a0_0, 0, 32;
    %jmp T_0;
    .thread T_0;
    .scope S_0x1f9a030;
T_1 ;
    %wait E_0x1f911c0;
    %load/v 8, v0x1f9a310_0, 1;
    %mov 9, 0, 2;
    %cmpi/u 8, 1, 3;
    %jmp/0xz  T_1.0, 4;
    %load/v 8, v0x1f9a1c0_0, 32;
    %set/v v0x1f9a240_0, 8, 32;
T_1.0 ;
    %jmp T_1;
    .thread T_1;
    .scope S_0x1f99cd0;
T_2 ;
    %wait E_0x1f911c0;
    %load/v 8, v0x1f99fb0_0, 1;
    %mov 9, 0, 2;
    %cmpi/u 8, 1, 3;
    %jmp/0xz  T_2.0, 4;
    %load/v 8, v0x1f99e60_0, 32;
    %set/v v0x1f99ee0_0, 8, 32;
T_2.0 ;
    %jmp T_2;
    .thread T_2;
    .scope S_0x1f99970;
T_3 ;
    %wait E_0x1f911c0;
    %load/v 8, v0x1f99c50_0, 1;
    %mov 9, 0, 2;
    %cmpi/u 8, 1, 3;
    %jmp/0xz  T_3.0, 4;
    %load/v 8, v0x1f99b00_0, 32;
    %set/v v0x1f99b80_0, 8, 32;
T_3.0 ;
    %jmp T_3;
    .thread T_3;
    .scope S_0x1f99610;
T_4 ;
    %wait E_0x1f911c0;
    %load/v 8, v0x1f998f0_0, 1;
    %mov 9, 0, 2;
    %cmpi/u 8, 1, 3;
    %jmp/0xz  T_4.0, 4;
    %load/v 8, v0x1f997a0_0, 32;
    %set/v v0x1f99820_0, 8, 32;
T_4.0 ;
    %jmp T_4;
    .thread T_4;
    .scope S_0x1f992b0;
T_5 ;
    %wait E_0x1f911c0;
    %load/v 8, v0x1f99590_0, 1;
    %mov 9, 0, 2;
    %cmpi/u 8, 1, 3;
    %jmp/0xz  T_5.0, 4;
    %load/v 8, v0x1f99440_0, 32;
    %set/v v0x1f994c0_0, 8, 32;
T_5.0 ;
    %jmp T_5;
    .thread T_5;
    .scope S_0x1f98f50;
T_6 ;
    %wait E_0x1f911c0;
    %load/v 8, v0x1f99230_0, 1;
    %mov 9, 0, 2;
    %cmpi/u 8, 1, 3;
    %jmp/0xz  T_6.0, 4;
    %load/v 8, v0x1f990e0_0, 32;
    %set/v v0x1f99160_0, 8, 32;
T_6.0 ;
    %jmp T_6;
    .thread T_6;
    .scope S_0x1f98bf0;
T_7 ;
    %wait E_0x1f911c0;
    %load/v 8, v0x1f98ed0_0, 1;
    %mov 9, 0, 2;
    %cmpi/u 8, 1, 3;
    %jmp/0xz  T_7.0, 4;
    %load/v 8, v0x1f98d80_0, 32;
    %set/v v0x1f98e00_0, 8, 32;
T_7.0 ;
    %jmp T_7;
    .thread T_7;
    .scope S_0x1f98890;
T_8 ;
    %wait E_0x1f911c0;
    %load/v 8, v0x1f98b70_0, 1;
    %mov 9, 0, 2;
    %cmpi/u 8, 1, 3;
    %jmp/0xz  T_8.0, 4;
    %load/v 8, v0x1f98a20_0, 32;
    %set/v v0x1f98aa0_0, 8, 32;
T_8.0 ;
    %jmp T_8;
    .thread T_8;
    .scope S_0x1f98530;
T_9 ;
    %wait E_0x1f911c0;
    %load/v 8, v0x1f98810_0, 1;
    %mov 9, 0, 2;
    %cmpi/u 8, 1, 3;
    %jmp/0xz  T_9.0, 4;
    %load/v 8, v0x1f986c0_0, 32;
    %set/v v0x1f98740_0, 8, 32;
T_9.0 ;
    %jmp T_9;
    .thread T_9;
    .scope S_0x1f981d0;
T_10 ;
    %wait E_0x1f911c0;
    %load/v 8, v0x1f984b0_0, 1;
    %mov 9, 0, 2;
    %cmpi/u 8, 1, 3;
    %jmp/0xz  T_10.0, 4;
    %load/v 8, v0x1f98360_0, 32;
    %set/v v0x1f983e0_0, 8, 32;
T_10.0 ;
    %jmp T_10;
    .thread T_10;
    .scope S_0x1f97e70;
T_11 ;
    %wait E_0x1f911c0;
    %load/v 8, v0x1f98150_0, 1;
    %mov 9, 0, 2;
    %cmpi/u 8, 1, 3;
    %jmp/0xz  T_11.0, 4;
    %load/v 8, v0x1f98000_0, 32;
    %set/v v0x1f98080_0, 8, 32;
T_11.0 ;
    %jmp T_11;
    .thread T_11;
    .scope S_0x1f97b10;
T_12 ;
    %wait E_0x1f911c0;
    %load/v 8, v0x1f97df0_0, 1;
    %mov 9, 0, 2;
    %cmpi/u 8, 1, 3;
    %jmp/0xz  T_12.0, 4;
    %load/v 8, v0x1f97ca0_0, 32;
    %set/v v0x1f97d20_0, 8, 32;
T_12.0 ;
    %jmp T_12;
    .thread T_12;
    .scope S_0x1f977b0;
T_13 ;
    %wait E_0x1f911c0;
    %load/v 8, v0x1f97a90_0, 1;
    %mov 9, 0, 2;
    %cmpi/u 8, 1, 3;
    %jmp/0xz  T_13.0, 4;
    %load/v 8, v0x1f97940_0, 32;
    %set/v v0x1f979c0_0, 8, 32;
T_13.0 ;
    %jmp T_13;
    .thread T_13;
    .scope S_0x1f97470;
T_14 ;
    %wait E_0x1f911c0;
    %load/v 8, v0x1f97730_0, 1;
    %mov 9, 0, 2;
    %cmpi/u 8, 1, 3;
    %jmp/0xz  T_14.0, 4;
    %load/v 8, v0x1f975e0_0, 32;
    %set/v v0x1f97660_0, 8, 32;
T_14.0 ;
    %jmp T_14;
    .thread T_14;
    .scope S_0x1f96ec0;
T_15 ;
    %wait E_0x1f911c0;
    %load/v 8, v0x1f95580_0, 1;
    %mov 9, 0, 2;
    %cmpi/u 8, 1, 3;
    %jmp/0xz  T_15.0, 4;
    %load/v 8, v0x1f95430_0, 32;
    %set/v v0x1f954b0_0, 8, 32;
T_15.0 ;
    %jmp T_15;
    .thread T_15;
    .scope S_0x1f96b60;
T_16 ;
    %wait E_0x1f911c0;
    %load/v 8, v0x1f96e40_0, 1;
    %mov 9, 0, 2;
    %cmpi/u 8, 1, 3;
    %jmp/0xz  T_16.0, 4;
    %load/v 8, v0x1f96cf0_0, 32;
    %set/v v0x1f96d70_0, 8, 32;
T_16.0 ;
    %jmp T_16;
    .thread T_16;
    .scope S_0x1f96800;
T_17 ;
    %wait E_0x1f911c0;
    %load/v 8, v0x1f96ae0_0, 1;
    %mov 9, 0, 2;
    %cmpi/u 8, 1, 3;
    %jmp/0xz  T_17.0, 4;
    %load/v 8, v0x1f96990_0, 32;
    %set/v v0x1f96a10_0, 8, 32;
T_17.0 ;
    %jmp T_17;
    .thread T_17;
    .scope S_0x1f964a0;
T_18 ;
    %wait E_0x1f911c0;
    %load/v 8, v0x1f96780_0, 1;
    %mov 9, 0, 2;
    %cmpi/u 8, 1, 3;
    %jmp/0xz  T_18.0, 4;
    %load/v 8, v0x1f96630_0, 32;
    %set/v v0x1f966b0_0, 8, 32;
T_18.0 ;
    %jmp T_18;
    .thread T_18;
    .scope S_0x1f96140;
T_19 ;
    %wait E_0x1f911c0;
    %load/v 8, v0x1f96420_0, 1;
    %mov 9, 0, 2;
    %cmpi/u 8, 1, 3;
    %jmp/0xz  T_19.0, 4;
    %load/v 8, v0x1f962d0_0, 32;
    %set/v v0x1f96350_0, 8, 32;
T_19.0 ;
    %jmp T_19;
    .thread T_19;
    .scope S_0x1f95de0;
T_20 ;
    %wait E_0x1f911c0;
    %load/v 8, v0x1f960c0_0, 1;
    %mov 9, 0, 2;
    %cmpi/u 8, 1, 3;
    %jmp/0xz  T_20.0, 4;
    %load/v 8, v0x1f95f70_0, 32;
    %set/v v0x1f95ff0_0, 8, 32;
T_20.0 ;
    %jmp T_20;
    .thread T_20;
    .scope S_0x1f95a80;
T_21 ;
    %wait E_0x1f911c0;
    %load/v 8, v0x1f95d60_0, 1;
    %mov 9, 0, 2;
    %cmpi/u 8, 1, 3;
    %jmp/0xz  T_21.0, 4;
    %load/v 8, v0x1f95c10_0, 32;
    %set/v v0x1f95c90_0, 8, 32;
T_21.0 ;
    %jmp T_21;
    .thread T_21;
    .scope S_0x1f95720;
T_22 ;
    %wait E_0x1f911c0;
    %load/v 8, v0x1f95a00_0, 1;
    %mov 9, 0, 2;
    %cmpi/u 8, 1, 3;
    %jmp/0xz  T_22.0, 4;
    %load/v 8, v0x1f958b0_0, 32;
    %set/v v0x1f95930_0, 8, 32;
T_22.0 ;
    %jmp T_22;
    .thread T_22;
    .scope S_0x1f952a0;
T_23 ;
    %wait E_0x1f911c0;
    %load/v 8, v0x1f956a0_0, 1;
    %mov 9, 0, 2;
    %cmpi/u 8, 1, 3;
    %jmp/0xz  T_23.0, 4;
    %load/v 8, v0x1f94630_0, 32;
    %set/v v0x1f94740_0, 8, 32;
T_23.0 ;
    %jmp T_23;
    .thread T_23;
    .scope S_0x1f94f40;
T_24 ;
    %wait E_0x1f911c0;
    %load/v 8, v0x1f95220_0, 1;
    %mov 9, 0, 2;
    %cmpi/u 8, 1, 3;
    %jmp/0xz  T_24.0, 4;
    %load/v 8, v0x1f950d0_0, 32;
    %set/v v0x1f95150_0, 8, 32;
T_24.0 ;
    %jmp T_24;
    .thread T_24;
    .scope S_0x1f94be0;
T_25 ;
    %wait E_0x1f911c0;
    %load/v 8, v0x1f94ec0_0, 1;
    %mov 9, 0, 2;
    %cmpi/u 8, 1, 3;
    %jmp/0xz  T_25.0, 4;
    %load/v 8, v0x1f94d70_0, 32;
    %set/v v0x1f94df0_0, 8, 32;
T_25.0 ;
    %jmp T_25;
    .thread T_25;
    .scope S_0x1f948d0;
T_26 ;
    %wait E_0x1f911c0;
    %load/v 8, v0x1f94b60_0, 1;
    %mov 9, 0, 2;
    %cmpi/u 8, 1, 3;
    %jmp/0xz  T_26.0, 4;
    %load/v 8, v0x1f94a60_0, 32;
    %set/v v0x1f94ae0_0, 8, 32;
T_26.0 ;
    %jmp T_26;
    .thread T_26;
    .scope S_0x1f944a0;
T_27 ;
    %wait E_0x1f911c0;
    %load/v 8, v0x1f94850_0, 1;
    %mov 9, 0, 2;
    %cmpi/u 8, 1, 3;
    %jmp/0xz  T_27.0, 4;
    %load/v 8, v0x1f946c0_0, 32;
    %set/v v0x1f947d0_0, 8, 32;
T_27.0 ;
    %jmp T_27;
    .thread T_27;
    .scope S_0x1f94160;
T_28 ;
    %wait E_0x1f911c0;
    %load/v 8, v0x1f94420_0, 1;
    %mov 9, 0, 2;
    %cmpi/u 8, 1, 3;
    %jmp/0xz  T_28.0, 4;
    %load/v 8, v0x1f942d0_0, 32;
    %set/v v0x1f94350_0, 8, 32;
T_28.0 ;
    %jmp T_28;
    .thread T_28;
    .scope S_0x1f93d80;
T_29 ;
    %wait E_0x1f911c0;
    %load/v 8, v0x1f940e0_0, 1;
    %mov 9, 0, 2;
    %cmpi/u 8, 1, 3;
    %jmp/0xz  T_29.0, 4;
    %load/v 8, v0x1f93f40_0, 32;
    %set/v v0x1f94010_0, 8, 32;
T_29.0 ;
    %jmp T_29;
    .thread T_29;
    .scope S_0x1f939c0;
T_30 ;
    %wait E_0x1f911c0;
    %load/v 8, v0x1f93d00_0, 1;
    %mov 9, 0, 2;
    %cmpi/u 8, 1, 3;
    %jmp/0xz  T_30.0, 4;
    %load/v 8, v0x1f93b80_0, 32;
    %set/v v0x1f93c30_0, 8, 32;
T_30.0 ;
    %jmp T_30;
    .thread T_30;
    .scope S_0x1f931d0;
T_31 ;
    %wait E_0x1f911c0;
    %load/v 8, v0x1f93940_0, 1;
    %mov 9, 0, 2;
    %cmpi/u 8, 1, 3;
    %jmp/0xz  T_31.0, 4;
    %load/v 8, v0x1f937d0_0, 32;
    %set/v v0x1f93870_0, 8, 32;
T_31.0 ;
    %jmp T_31;
    .thread T_31;
# The file index is used to find the file name in the following table.
:file_names 8;
    "N/A";
    "<interactive>";
    "./mux32to1by1.v";
    "regfile.v";
    "./decoders.v";
    "./register32zero.v";
    "./register32.v";
    "./mux32to1by32.v";
